{"meta": {"format": 3, "version": "7.9.1", "timestamp": "2025-12-22T04:05:39.776050", "branch_coverage": false, "show_contexts": false}, "files": {"src\\backtesting\\production_backtester.py": {"executed_lines": [], "summary": {"covered_lines": 0, "num_statements": 520, "percent_covered": 0.0, "percent_covered_display": "0.00", "missing_lines": 520, "excluded_lines": 0}, "missing_lines": [9, 10, 11, 12, 13, 14, 15, 16, 18, 19, 21, 22, 25, 33, 35, 36, 39, 41, 44, 47, 50, 51, 52, 53, 54, 56, 57, 58, 59, 60, 61, 62, 63, 65, 67, 68, 70, 71, 73, 75, 79, 80, 81, 84, 85, 87, 90, 93, 95, 97, 98, 100, 101, 102, 103, 104, 106, 107, 108, 109, 111, 114, 117, 118, 119, 120, 121, 124, 125, 126, 127, 128, 129, 130, 131, 132, 133, 134, 137, 138, 139, 140, 141, 142, 145, 146, 147, 150, 151, 152, 155, 157, 159, 160, 163, 164, 165, 166, 169, 170, 171, 173, 174, 175, 177, 178, 179, 181, 182, 183, 186, 187, 189, 191, 194, 195, 198, 201, 202, 203, 204, 205, 208, 209, 212, 213, 214, 215, 218, 219, 220, 221, 222, 223, 226, 227, 228, 229, 230, 232, 235, 236, 238, 240, 276, 277, 280, 281, 282, 283, 284, 285, 288, 302, 315, 316, 317, 318, 319, 320, 321, 322, 323, 324, 326, 327, 328, 329, 330, 331, 332, 333, 334, 336, 339, 345, 352, 355, 356, 358, 381, 384, 386, 387, 388, 390, 391, 392, 394, 395, 397, 399, 403, 404, 405, 407, 408, 411, 412, 413, 416, 417, 418, 421, 422, 436, 439, 440, 443, 444, 447, 449, 457, 458, 460, 462, 467, 468, 477, 478, 480, 481, 482, 484, 485, 487, 488, 491, 492, 493, 496, 505, 506, 507, 508, 509, 510, 525, 526, 528, 530, 534, 537, 538, 540, 541, 542, 544, 545, 548, 551, 557, 560, 563, 564, 566, 587, 590, 592, 595, 596, 599, 601, 620, 622, 643, 645, 646, 647, 648, 650, 652, 666, 668, 670, 671, 672, 677, 678, 680, 682, 683, 684, 686, 687, 689, 693, 696, 697, 698, 699, 702, 705, 707, 712, 713, 715, 719, 721, 724, 725, 726, 727, 729, 731, 732, 735, 736, 737, 739, 754, 755, 757, 759, 761, 762, 763, 764, 765, 768, 769, 770, 771, 772, 773, 774, 776, 778, 799, 807, 808, 809, 814, 815, 816, 821, 822, 823, 828, 829, 830, 835, 836, 841, 842, 843, 845, 847, 848, 850, 852, 854, 858, 860, 861, 862, 864, 865, 866, 868, 870, 874, 875, 878, 879, 880, 882, 883, 886, 888, 890, 892, 893, 894, 896, 900, 901, 903, 905, 906, 908, 910, 931, 932, 935, 938, 939, 944, 945, 953, 954, 955, 958, 959, 961, 962, 968, 970, 971, 972, 974, 991, 992, 994, 995, 997, 998, 999, 1000, 1001, 1003, 1006, 1010, 1013, 1014, 1016, 1033, 1036, 1042, 1044, 1054, 1058, 1060, 1061, 1062, 1064, 1083, 1084, 1091, 1093, 1102, 1103, 1106, 1109, 1110, 1111, 1114, 1116, 1119, 1120, 1121, 1124, 1125, 1126, 1129, 1130, 1132, 1136, 1138, 1139, 1140, 1142, 1148, 1151, 1158, 1159, 1160, 1162, 1172, 1174, 1177, 1178, 1180, 1186, 1187, 1188, 1190, 1196, 1199, 1204, 1205, 1206, 1208, 1214, 1217, 1222, 1223, 1224, 1226, 1230, 1231, 1234, 1235, 1236, 1237, 1240, 1241, 1242, 1243, 1244, 1247, 1250, 1251, 1253, 1255, 1256, 1257, 1260, 1268, 1269, 1271, 1281, 1284, 1285, 1286, 1287, 1290, 1291, 1293, 1294, 1295, 1296, 1299, 1300, 1302, 1304, 1324, 1325, 1327, 1329], "excluded_lines": [], "functions": {"chunk_dataframe": {"executed_lines": [], "summary": {"covered_lines": 0, "num_statements": 2, "percent_covered": 0.0, "percent_covered_display": "0.00", "missing_lines": 2, "excluded_lines": 0}, "missing_lines": [35, 36], "excluded_lines": []}, "optimize_dataframe_memory": {"executed_lines": [], "summary": {"covered_lines": 0, "num_statements": 1, "percent_covered": 0.0, "percent_covered_display": "0.00", "missing_lines": 1, "excluded_lines": 0}, "missing_lines": [41], "excluded_lines": []}, "BacktestPosition.__init__": {"executed_lines": [], "summary": {"covered_lines": 0, "num_statements": 13, "percent_covered": 0.0, "percent_covered_display": "0.00", "missing_lines": 13, "excluded_lines": 0}, "missing_lines": [50, 51, 52, 53, 54, 56, 57, 58, 59, 60, 61, 62, 63], "excluded_lines": []}, "BacktestPosition.update_price": {"executed_lines": [], "summary": {"covered_lines": 0, "num_statements": 5, "percent_covered": 0.0, "percent_covered_display": "0.00", "missing_lines": 5, "excluded_lines": 0}, "missing_lines": [67, 68, 70, 71, 73], "excluded_lines": []}, "BacktestPosition.close_position": {"executed_lines": [], "summary": {"covered_lines": 0, "num_statements": 8, "percent_covered": 0.0, "percent_covered_display": "0.00", "missing_lines": 8, "excluded_lines": 0}, "missing_lines": [79, 80, 81, 84, 85, 87, 90, 93], "excluded_lines": []}, "BacktestPosition.check_stop_conditions": {"executed_lines": [], "summary": {"covered_lines": 0, "num_statements": 12, "percent_covered": 0.0, "percent_covered_display": "0.00", "missing_lines": 12, "excluded_lines": 0}, "missing_lines": [97, 98, 100, 101, 102, 103, 104, 106, 107, 108, 109, 111], "excluded_lines": []}, "BacktestResult.__init__": {"executed_lines": [], "summary": {"covered_lines": 0, "num_statements": 28, "percent_covered": 0.0, "percent_covered_display": "0.00", "missing_lines": 28, "excluded_lines": 0}, "missing_lines": [118, 119, 120, 121, 124, 125, 126, 127, 128, 129, 130, 131, 132, 133, 134, 137, 138, 139, 140, 141, 142, 145, 146, 147, 150, 151, 152, 155], "excluded_lines": []}, "BacktestResult.calculate_metrics": {"executed_lines": [], "summary": {"covered_lines": 0, "num_statements": 20, "percent_covered": 0.0, "percent_covered_display": "0.00", "missing_lines": 20, "excluded_lines": 0}, "missing_lines": [159, 160, 163, 164, 165, 166, 169, 170, 171, 173, 174, 175, 177, 178, 179, 181, 182, 183, 186, 187], "excluded_lines": []}, "BacktestResult._calculate_risk_metrics": {"executed_lines": [], "summary": {"covered_lines": 0, "num_statements": 29, "percent_covered": 0.0, "percent_covered_display": "0.00", "missing_lines": 29, "excluded_lines": 0}, "missing_lines": [191, 194, 195, 198, 201, 202, 203, 204, 205, 208, 209, 212, 213, 214, 215, 218, 219, 220, 221, 222, 223, 226, 227, 228, 229, 230, 232, 235, 236], "excluded_lines": []}, "BacktestResult.to_dict": {"executed_lines": [], "summary": {"covered_lines": 0, "num_statements": 1, "percent_covered": 0.0, "percent_covered_display": "0.00", "missing_lines": 1, "excluded_lines": 0}, "missing_lines": [240], "excluded_lines": []}, "ProductionBacktester.__init__": {"executed_lines": [], "summary": {"covered_lines": 0, "num_statements": 25, "percent_covered": 0.0, "percent_covered_display": "0.00", "missing_lines": 25, "excluded_lines": 0}, "missing_lines": [315, 316, 317, 318, 319, 320, 321, 322, 323, 324, 326, 327, 328, 329, 330, 331, 332, 333, 334, 336, 339, 345, 352, 355, 356], "excluded_lines": []}, "ProductionBacktester.run_backtest": {"executed_lines": [], "summary": {"covered_lines": 0, "num_statements": 11, "percent_covered": 0.0, "percent_covered_display": "0.00", "missing_lines": 11, "excluded_lines": 0}, "missing_lines": [381, 384, 386, 387, 388, 390, 391, 392, 394, 395, 397], "excluded_lines": []}, "ProductionBacktester._run_single_backtest": {"executed_lines": [], "summary": {"covered_lines": 0, "num_statements": 48, "percent_covered": 0.0, "percent_covered_display": "0.00", "missing_lines": 48, "excluded_lines": 0}, "missing_lines": [403, 404, 405, 407, 408, 411, 412, 413, 416, 417, 418, 421, 422, 436, 439, 440, 443, 444, 447, 449, 457, 458, 460, 462, 467, 468, 477, 478, 480, 481, 482, 484, 485, 487, 488, 491, 492, 493, 496, 505, 506, 507, 508, 509, 510, 525, 526, 528], "excluded_lines": []}, "ProductionBacktester._run_walk_forward_backtest": {"executed_lines": [], "summary": {"covered_lines": 0, "num_statements": 14, "percent_covered": 0.0, "percent_covered_display": "0.00", "missing_lines": 14, "excluded_lines": 0}, "missing_lines": [534, 537, 538, 540, 541, 542, 544, 545, 548, 551, 557, 560, 563, 564], "excluded_lines": []}, "ProductionBacktester.run_monte_carlo_simulation": {"executed_lines": [], "summary": {"covered_lines": 0, "num_statements": 8, "percent_covered": 0.0, "percent_covered_display": "0.00", "missing_lines": 8, "excluded_lines": 0}, "missing_lines": [587, 590, 592, 595, 596, 599, 601, 620], "excluded_lines": []}, "ProductionBacktester.compare_strategies": {"executed_lines": [], "summary": {"covered_lines": 0, "num_statements": 6, "percent_covered": 0.0, "percent_covered_display": "0.00", "missing_lines": 6, "excluded_lines": 0}, "missing_lines": [643, 645, 646, 647, 648, 650], "excluded_lines": []}, "ProductionBacktester.run_backtest_async": {"executed_lines": [], "summary": {"covered_lines": 0, "num_statements": 13, "percent_covered": 0.0, "percent_covered_display": "0.00", "missing_lines": 13, "excluded_lines": 0}, "missing_lines": [666, 668, 670, 671, 672, 677, 678, 680, 682, 683, 684, 686, 687], "excluded_lines": []}, "ProductionBacktester._run_backtest_chunked_async": {"executed_lines": [], "summary": {"covered_lines": 0, "num_statements": 7, "percent_covered": 0.0, "percent_covered_display": "0.00", "missing_lines": 7, "excluded_lines": 0}, "missing_lines": [693, 696, 697, 698, 699, 702, 705], "excluded_lines": []}, "ProductionBacktester._run_single_backtest_async": {"executed_lines": [], "summary": {"covered_lines": 0, "num_statements": 2, "percent_covered": 0.0, "percent_covered_display": "0.00", "missing_lines": 2, "excluded_lines": 0}, "missing_lines": [712, 713], "excluded_lines": []}, "ProductionBacktester._run_backtest_sync": {"executed_lines": [], "summary": {"covered_lines": 0, "num_statements": 1, "percent_covered": 0.0, "percent_covered_display": "0.00", "missing_lines": 1, "excluded_lines": 0}, "missing_lines": [719], "excluded_lines": []}, "ProductionBacktester._merge_chunk_results": {"executed_lines": [], "summary": {"covered_lines": 0, "num_statements": 10, "percent_covered": 0.0, "percent_covered_display": "0.00", "missing_lines": 10, "excluded_lines": 0}, "missing_lines": [724, 725, 726, 727, 729, 731, 732, 735, 736, 737], "excluded_lines": []}, "ProductionBacktester.parallel_backtest": {"executed_lines": [], "summary": {"covered_lines": 0, "num_statements": 17, "percent_covered": 0.0, "percent_covered_display": "0.00", "missing_lines": 17, "excluded_lines": 0}, "missing_lines": [754, 755, 757, 759, 761, 762, 763, 764, 765, 768, 769, 770, 771, 772, 773, 774, 776], "excluded_lines": []}, "ProductionBacktester.validate_production_readiness": {"executed_lines": [], "summary": {"covered_lines": 0, "num_statements": 23, "percent_covered": 0.0, "percent_covered_display": "0.00", "missing_lines": 23, "excluded_lines": 0}, "missing_lines": [799, 807, 808, 809, 814, 815, 816, 821, 822, 823, 828, 829, 830, 835, 836, 841, 842, 843, 845, 847, 848, 850, 852], "excluded_lines": []}, "ProductionBacktester._filter_data_by_date": {"executed_lines": [], "summary": {"covered_lines": 0, "num_statements": 8, "percent_covered": 0.0, "percent_covered_display": "0.00", "missing_lines": 8, "excluded_lines": 0}, "missing_lines": [858, 860, 861, 862, 864, 865, 866, 868], "excluded_lines": []}, "ProductionBacktester._combine_walk_forward_results": {"executed_lines": [], "summary": {"covered_lines": 0, "num_statements": 9, "percent_covered": 0.0, "percent_covered_display": "0.00", "missing_lines": 9, "excluded_lines": 0}, "missing_lines": [874, 875, 878, 879, 880, 882, 883, 886, 888], "excluded_lines": []}, "ProductionBacktester._bootstrap_data": {"executed_lines": [], "summary": {"covered_lines": 0, "num_statements": 3, "percent_covered": 0.0, "percent_covered_display": "0.00", "missing_lines": 3, "excluded_lines": 0}, "missing_lines": [892, 893, 894], "excluded_lines": []}, "ProductionBacktester.export_results": {"executed_lines": [], "summary": {"covered_lines": 0, "num_statements": 6, "percent_covered": 0.0, "percent_covered_display": "0.00", "missing_lines": 6, "excluded_lines": 0}, "missing_lines": [900, 901, 903, 905, 906, 908], "excluded_lines": []}, "ProductionBacktester.optimize_strategy_walk_forward": {"executed_lines": [], "summary": {"covered_lines": 0, "num_statements": 18, "percent_covered": 0.0, "percent_covered_display": "0.00", "missing_lines": 18, "excluded_lines": 0}, "missing_lines": [931, 932, 935, 938, 939, 944, 945, 953, 954, 955, 958, 959, 961, 962, 968, 970, 971, 972], "excluded_lines": []}, "ProductionBacktester.optimize_multiple_strategies": {"executed_lines": [], "summary": {"covered_lines": 0, "num_statements": 24, "percent_covered": 0.0, "percent_covered_display": "0.00", "missing_lines": 24, "excluded_lines": 0}, "missing_lines": [991, 992, 994, 995, 997, 998, 999, 1000, 1001, 1003, 1006, 1010, 1013, 1014, 1016, 1033, 1036, 1042, 1044, 1054, 1058, 1060, 1061, 1062], "excluded_lines": []}, "ProductionBacktester.validate_strategy_robustness": {"executed_lines": [], "summary": {"covered_lines": 0, "num_statements": 25, "percent_covered": 0.0, "percent_covered_display": "0.00", "missing_lines": 25, "excluded_lines": 0}, "missing_lines": [1083, 1084, 1091, 1093, 1102, 1103, 1106, 1109, 1110, 1111, 1114, 1116, 1119, 1120, 1121, 1124, 1125, 1126, 1129, 1130, 1132, 1136, 1138, 1139, 1140], "excluded_lines": []}, "ProductionBacktester._run_monte_carlo_validation": {"executed_lines": [], "summary": {"covered_lines": 0, "num_statements": 5, "percent_covered": 0.0, "percent_covered_display": "0.00", "missing_lines": 5, "excluded_lines": 0}, "missing_lines": [1148, 1151, 1158, 1159, 1160], "excluded_lines": []}, "ProductionBacktester._run_subsample_validation": {"executed_lines": [], "summary": {"covered_lines": 0, "num_statements": 8, "percent_covered": 0.0, "percent_covered_display": "0.00", "missing_lines": 8, "excluded_lines": 0}, "missing_lines": [1172, 1174, 1177, 1178, 1180, 1186, 1187, 1188], "excluded_lines": []}, "ProductionBacktester._analyze_market_regimes": {"executed_lines": [], "summary": {"covered_lines": 0, "num_statements": 5, "percent_covered": 0.0, "percent_covered_display": "0.00", "missing_lines": 5, "excluded_lines": 0}, "missing_lines": [1196, 1199, 1204, 1205, 1206], "excluded_lines": []}, "ProductionBacktester._run_strategy_stress_tests": {"executed_lines": [], "summary": {"covered_lines": 0, "num_statements": 5, "percent_covered": 0.0, "percent_covered_display": "0.00", "missing_lines": 5, "excluded_lines": 0}, "missing_lines": [1214, 1217, 1222, 1223, 1224], "excluded_lines": []}, "ProductionBacktester._calculate_robustness_score": {"executed_lines": [], "summary": {"covered_lines": 0, "num_statements": 18, "percent_covered": 0.0, "percent_covered_display": "0.00", "missing_lines": 18, "excluded_lines": 0}, "missing_lines": [1230, 1231, 1234, 1235, 1236, 1237, 1240, 1241, 1242, 1243, 1244, 1247, 1250, 1251, 1253, 1255, 1256, 1257], "excluded_lines": []}, "ProductionBacktester.register_strategy": {"executed_lines": [], "summary": {"covered_lines": 0, "num_statements": 2, "percent_covered": 0.0, "percent_covered_display": "0.00", "missing_lines": 2, "excluded_lines": 0}, "missing_lines": [1268, 1269], "excluded_lines": []}, "ProductionBacktester.validate_data": {"executed_lines": [], "summary": {"covered_lines": 0, "num_statements": 14, "percent_covered": 0.0, "percent_covered_display": "0.00", "missing_lines": 14, "excluded_lines": 0}, "missing_lines": [1281, 1284, 1285, 1286, 1287, 1290, 1291, 1293, 1294, 1295, 1296, 1299, 1300, 1302], "excluded_lines": []}, "ProductionBacktester.optimize_strategy": {"executed_lines": [], "summary": {"covered_lines": 0, "num_statements": 4, "percent_covered": 0.0, "percent_covered_display": "0.00", "missing_lines": 4, "excluded_lines": 0}, "missing_lines": [1324, 1325, 1327, 1329], "excluded_lines": []}, "": {"executed_lines": [], "summary": {"covered_lines": 0, "num_statements": 62, "percent_covered": 0.0, "percent_covered_display": "0.00", "missing_lines": 62, "excluded_lines": 0}, "missing_lines": [9, 10, 11, 12, 13, 14, 15, 16, 18, 19, 21, 22, 25, 33, 39, 44, 47, 65, 75, 95, 114, 117, 157, 189, 238, 276, 277, 280, 281, 282, 283, 284, 285, 288, 302, 358, 399, 530, 566, 622, 652, 689, 707, 715, 721, 739, 778, 854, 870, 890, 896, 910, 974, 1064, 1142, 1162, 1190, 1208, 1226, 1260, 1271, 1304], "excluded_lines": []}}, "classes": {"BacktestPosition": {"executed_lines": [], "summary": {"covered_lines": 0, "num_statements": 38, "percent_covered": 0.0, "percent_covered_display": "0.00", "missing_lines": 38, "excluded_lines": 0}, "missing_lines": [50, 51, 52, 53, 54, 56, 57, 58, 59, 60, 61, 62, 63, 67, 68, 70, 71, 73, 79, 80, 81, 84, 85, 87, 90, 93, 97, 98, 100, 101, 102, 103, 104, 106, 107, 108, 109, 111], "excluded_lines": []}, "BacktestResult": {"executed_lines": [], "summary": {"covered_lines": 0, "num_statements": 78, "percent_covered": 0.0, "percent_covered_display": "0.00", "missing_lines": 78, "excluded_lines": 0}, "missing_lines": [118, 119, 120, 121, 124, 125, 126, 127, 128, 129, 130, 131, 132, 133, 134, 137, 138, 139, 140, 141, 142, 145, 146, 147, 150, 151, 152, 155, 159, 160, 163, 164, 165, 166, 169, 170, 171, 173, 174, 175, 177, 178, 179, 181, 182, 183, 186, 187, 191, 194, 195, 198, 201, 202, 203, 204, 205, 208, 209, 212, 213, 214, 215, 218, 219, 220, 221, 222, 223, 226, 227, 228, 229, 230, 232, 235, 236, 240], "excluded_lines": []}, "BacktestConfig": {"executed_lines": [], "summary": {"covered_lines": 0, "num_statements": 0, "percent_covered": 100.0, "percent_covered_display": "100.00", "missing_lines": 0, "excluded_lines": 0}, "missing_lines": [], "excluded_lines": []}, "ProductionBacktester": {"executed_lines": [], "summary": {"covered_lines": 0, "num_statements": 339, "percent_covered": 0.0, "percent_covered_display": "0.00", "missing_lines": 339, "excluded_lines": 0}, "missing_lines": [315, 316, 317, 318, 319, 320, 321, 322, 323, 324, 326, 327, 328, 329, 330, 331, 332, 333, 334, 336, 339, 345, 352, 355, 356, 381, 384, 386, 387, 388, 390, 391, 392, 394, 395, 397, 403, 404, 405, 407, 408, 411, 412, 413, 416, 417, 418, 421, 422, 436, 439, 440, 443, 444, 447, 449, 457, 458, 460, 462, 467, 468, 477, 478, 480, 481, 482, 484, 485, 487, 488, 491, 492, 493, 496, 505, 506, 507, 508, 509, 510, 525, 526, 528, 534, 537, 538, 540, 541, 542, 544, 545, 548, 551, 557, 560, 563, 564, 587, 590, 592, 595, 596, 599, 601, 620, 643, 645, 646, 647, 648, 650, 666, 668, 670, 671, 672, 677, 678, 680, 682, 683, 684, 686, 687, 693, 696, 697, 698, 699, 702, 705, 712, 713, 719, 724, 725, 726, 727, 729, 731, 732, 735, 736, 737, 754, 755, 757, 759, 761, 762, 763, 764, 765, 768, 769, 770, 771, 772, 773, 774, 776, 799, 807, 808, 809, 814, 815, 816, 821, 822, 823, 828, 829, 830, 835, 836, 841, 842, 843, 845, 847, 848, 850, 852, 858, 860, 861, 862, 864, 865, 866, 868, 874, 875, 878, 879, 880, 882, 883, 886, 888, 892, 893, 894, 900, 901, 903, 905, 906, 908, 931, 932, 935, 938, 939, 944, 945, 953, 954, 955, 958, 959, 961, 962, 968, 970, 971, 972, 991, 992, 994, 995, 997, 998, 999, 1000, 1001, 1003, 1006, 1010, 1013, 1014, 1016, 1033, 1036, 1042, 1044, 1054, 1058, 1060, 1061, 1062, 1083, 1084, 1091, 1093, 1102, 1103, 1106, 1109, 1110, 1111, 1114, 1116, 1119, 1120, 1121, 1124, 1125, 1126, 1129, 1130, 1132, 1136, 1138, 1139, 1140, 1148, 1151, 1158, 1159, 1160, 1172, 1174, 1177, 1178, 1180, 1186, 1187, 1188, 1196, 1199, 1204, 1205, 1206, 1214, 1217, 1222, 1223, 1224, 1230, 1231, 1234, 1235, 1236, 1237, 1240, 1241, 1242, 1243, 1244, 1247, 1250, 1251, 1253, 1255, 1256, 1257, 1268, 1269, 1281, 1284, 1285, 1286, 1287, 1290, 1291, 1293, 1294, 1295, 1296, 1299, 1300, 1302, 1324, 1325, 1327, 1329], "excluded_lines": []}, "": {"executed_lines": [], "summary": {"covered_lines": 0, "num_statements": 65, "percent_covered": 0.0, "percent_covered_display": "0.00", "missing_lines": 65, "excluded_lines": 0}, "missing_lines": [9, 10, 11, 12, 13, 14, 15, 16, 18, 19, 21, 22, 25, 33, 35, 36, 39, 41, 44, 47, 65, 75, 95, 114, 117, 157, 189, 238, 276, 277, 280, 281, 282, 283, 284, 285, 288, 302, 358, 399, 530, 566, 622, 652, 689, 707, 715, 721, 739, 778, 854, 870, 890, 896, 910, 974, 1064, 1142, 1162, 1190, 1208, 1226, 1260, 1271, 1304], "excluded_lines": []}}}, "src\\backtesting\\risk_manager.py": {"executed_lines": [], "summary": {"covered_lines": 0, "num_statements": 48, "percent_covered": 0.0, "percent_covered_display": "0.00", "missing_lines": 48, "excluded_lines": 0}, "missing_lines": [10, 11, 12, 14, 17, 18, 21, 22, 23, 26, 27, 30, 31, 32, 35, 50, 57, 60, 61, 62, 64, 70, 82, 83, 84, 87, 88, 89, 90, 96, 97, 98, 105, 106, 107, 112, 114, 116, 117, 119, 121, 122, 123, 125, 127, 128, 129, 130], "excluded_lines": [], "functions": {"BacktestRiskManager.__init__": {"executed_lines": [], "summary": {"covered_lines": 0, "num_statements": 5, "percent_covered": 0.0, "percent_covered_display": "0.00", "missing_lines": 5, "excluded_lines": 0}, "missing_lines": [57, 60, 61, 62, 64], "excluded_lines": []}, "BacktestRiskManager.check_trade": {"executed_lines": [], "summary": {"covered_lines": 0, "num_statements": 14, "percent_covered": 0.0, "percent_covered_display": "0.00", "missing_lines": 14, "excluded_lines": 0}, "missing_lines": [82, 83, 84, 87, 88, 89, 90, 96, 97, 98, 105, 106, 107, 112], "excluded_lines": []}, "BacktestRiskManager.update_exposure": {"executed_lines": [], "summary": {"covered_lines": 0, "num_statements": 2, "percent_covered": 0.0, "percent_covered_display": "0.00", "missing_lines": 2, "excluded_lines": 0}, "missing_lines": [116, 117], "excluded_lines": []}, "BacktestRiskManager.get_current_drawdown": {"executed_lines": [], "summary": {"covered_lines": 0, "num_statements": 3, "percent_covered": 0.0, "percent_covered_display": "0.00", "missing_lines": 3, "excluded_lines": 0}, "missing_lines": [121, 122, 123], "excluded_lines": []}, "BacktestRiskManager.reset": {"executed_lines": [], "summary": {"covered_lines": 0, "num_statements": 4, "percent_covered": 0.0, "percent_covered_display": "0.00", "missing_lines": 4, "excluded_lines": 0}, "missing_lines": [127, 128, 129, 130], "excluded_lines": []}, "": {"executed_lines": [], "summary": {"covered_lines": 0, "num_statements": 20, "percent_covered": 0.0, "percent_covered_display": "0.00", "missing_lines": 20, "excluded_lines": 0}, "missing_lines": [10, 11, 12, 14, 17, 18, 21, 22, 23, 26, 27, 30, 31, 32, 35, 50, 70, 114, 119, 125], "excluded_lines": []}}, "classes": {"BacktestRiskConfig": {"executed_lines": [], "summary": {"covered_lines": 0, "num_statements": 0, "percent_covered": 100.0, "percent_covered_display": "100.00", "missing_lines": 0, "excluded_lines": 0}, "missing_lines": [], "excluded_lines": []}, "RiskCheckResult": {"executed_lines": [], "summary": {"covered_lines": 0, "num_statements": 0, "percent_covered": 100.0, "percent_covered_display": "100.00", "missing_lines": 0, "excluded_lines": 0}, "missing_lines": [], "excluded_lines": []}, "BacktestRiskManager": {"executed_lines": [], "summary": {"covered_lines": 0, "num_statements": 28, "percent_covered": 0.0, "percent_covered_display": "0.00", "missing_lines": 28, "excluded_lines": 0}, "missing_lines": [57, 60, 61, 62, 64, 82, 83, 84, 87, 88, 89, 90, 96, 97, 98, 105, 106, 107, 112, 116, 117, 121, 122, 123, 127, 128, 129, 130], "excluded_lines": []}, "": {"executed_lines": [], "summary": {"covered_lines": 0, "num_statements": 20, "percent_covered": 0.0, "percent_covered_display": "0.00", "missing_lines": 20, "excluded_lines": 0}, "missing_lines": [10, 11, 12, 14, 17, 18, 21, 22, 23, 26, 27, 30, 31, 32, 35, 50, 70, 114, 119, 125], "excluded_lines": []}}}, "src\\backtesting\\strategy.py": {"executed_lines": [], "summary": {"covered_lines": 0, "num_statements": 71, "percent_covered": 0.0, "percent_covered_display": "0.00", "missing_lines": 71, "excluded_lines": 0}, "missing_lines": [10, 11, 12, 13, 15, 16, 18, 21, 24, 25, 26, 29, 30, 33, 34, 35, 36, 37, 40, 53, 69, 70, 71, 72, 74, 76, 86, 88, 89, 91, 92, 94, 95, 97, 99, 101, 103, 113, 116, 117, 124, 128, 130, 133, 134, 135, 139, 141, 152, 154, 155, 157, 158, 159, 161, 169, 171, 174, 175, 176, 177, 179, 181, 183, 184, 185, 187, 188, 189, 190, 192], "excluded_lines": [], "functions": {"BacktestingStrategy.__init__": {"executed_lines": [], "summary": {"covered_lines": 0, "num_statements": 5, "percent_covered": 0.0, "percent_covered_display": "0.00", "missing_lines": 5, "excluded_lines": 0}, "missing_lines": [69, 70, 71, 72, 74], "excluded_lines": []}, "BacktestingStrategy.calculate_rsi": {"executed_lines": [], "summary": {"covered_lines": 0, "num_statements": 8, "percent_covered": 0.0, "percent_covered_display": "0.00", "missing_lines": 8, "excluded_lines": 0}, "missing_lines": [86, 88, 89, 91, 92, 94, 95, 97], "excluded_lines": []}, "BacktestingStrategy.calculate_sma": {"executed_lines": [], "summary": {"covered_lines": 0, "num_statements": 1, "percent_covered": 0.0, "percent_covered_display": "0.00", "missing_lines": 1, "excluded_lines": 0}, "missing_lines": [101], "excluded_lines": []}, "BacktestingStrategy.generate_signals": {"executed_lines": [], "summary": {"covered_lines": 0, "num_statements": 10, "percent_covered": 0.0, "percent_covered_display": "0.00", "missing_lines": 10, "excluded_lines": 0}, "missing_lines": [113, 116, 117, 124, 128, 130, 133, 134, 135, 139], "excluded_lines": []}, "BacktestingStrategy.get_signal_at_index": {"executed_lines": [], "summary": {"covered_lines": 0, "num_statements": 7, "percent_covered": 0.0, "percent_covered_display": "0.00", "missing_lines": 7, "excluded_lines": 0}, "missing_lines": [152, 154, 155, 157, 158, 159, 161], "excluded_lines": []}, "BacktestingStrategy._calculate_confidence": {"executed_lines": [], "summary": {"covered_lines": 0, "num_statements": 6, "percent_covered": 0.0, "percent_covered_display": "0.00", "missing_lines": 6, "excluded_lines": 0}, "missing_lines": [171, 174, 175, 176, 177, 179], "excluded_lines": []}, "BacktestingStrategy._get_reason": {"executed_lines": [], "summary": {"covered_lines": 0, "num_statements": 8, "percent_covered": 0.0, "percent_covered_display": "0.00", "missing_lines": 8, "excluded_lines": 0}, "missing_lines": [183, 184, 185, 187, 188, 189, 190, 192], "excluded_lines": []}, "": {"executed_lines": [], "summary": {"covered_lines": 0, "num_statements": 26, "percent_covered": 0.0, "percent_covered_display": "0.00", "missing_lines": 26, "excluded_lines": 0}, "missing_lines": [10, 11, 12, 13, 15, 16, 18, 21, 24, 25, 26, 29, 30, 33, 34, 35, 36, 37, 40, 53, 76, 99, 103, 141, 169, 181], "excluded_lines": []}}, "classes": {"SignalType": {"executed_lines": [], "summary": {"covered_lines": 0, "num_statements": 0, "percent_covered": 100.0, "percent_covered_display": "100.00", "missing_lines": 0, "excluded_lines": 0}, "missing_lines": [], "excluded_lines": []}, "BacktestSignal": {"executed_lines": [], "summary": {"covered_lines": 0, "num_statements": 0, "percent_covered": 100.0, "percent_covered_display": "100.00", "missing_lines": 0, "excluded_lines": 0}, "missing_lines": [], "excluded_lines": []}, "BacktestingStrategy": {"executed_lines": [], "summary": {"covered_lines": 0, "num_statements": 45, "percent_covered": 0.0, "percent_covered_display": "0.00", "missing_lines": 45, "excluded_lines": 0}, "missing_lines": [69, 70, 71, 72, 74, 86, 88, 89, 91, 92, 94, 95, 97, 101, 113, 116, 117, 124, 128, 130, 133, 134, 135, 139, 152, 154, 155, 157, 158, 159, 161, 171, 174, 175, 176, 177, 179, 183, 184, 185, 187, 188, 189, 190, 192], "excluded_lines": []}, "": {"executed_lines": [], "summary": {"covered_lines": 0, "num_statements": 26, "percent_covered": 0.0, "percent_covered_display": "0.00", "missing_lines": 26, "excluded_lines": 0}, "missing_lines": [10, 11, 12, 13, 15, 16, 18, 21, 24, 25, 26, 29, 30, 33, 34, 35, 36, 37, 40, 53, 76, 99, 103, 141, 169, 181], "excluded_lines": []}}}, "src\\backtesting\\walk_forward.py": {"executed_lines": [], "summary": {"covered_lines": 0, "num_statements": 353, "percent_covered": 0.0, "percent_covered_display": "0.00", "missing_lines": 353, "excluded_lines": 0}, "missing_lines": [16, 17, 18, 19, 20, 22, 23, 24, 25, 27, 30, 31, 34, 35, 36, 37, 38, 39, 40, 41, 42, 43, 44, 47, 48, 51, 52, 53, 54, 57, 58, 59, 62, 63, 64, 65, 67, 68, 69, 77, 89, 96, 97, 100, 101, 102, 105, 106, 108, 127, 128, 131, 136, 139, 142, 146, 154, 158, 160, 161, 162, 164, 183, 184, 187, 193, 195, 196, 198, 199, 200, 202, 203, 206, 207, 210, 213, 216, 219, 223, 230, 235, 240, 245, 249, 254, 257, 271, 273, 274, 275, 277, 279, 291, 292, 293, 294, 297, 298, 300, 301, 303, 304, 305, 308, 310, 312, 313, 317, 324, 325, 326, 328, 331, 334, 336, 337, 338, 341, 342, 343, 352, 353, 354, 356, 358, 359, 360, 362, 373, 375, 376, 378, 379, 380, 381, 382, 384, 385, 386, 388, 389, 391, 393, 399, 402, 404, 405, 406, 407, 409, 411, 412, 415, 416, 418, 421, 422, 423, 425, 427, 433, 435, 438, 440, 441, 444, 455, 457, 458, 459, 470, 476, 478, 479, 482, 485, 486, 487, 490, 491, 494, 498, 500, 501, 502, 504, 510, 512, 515, 516, 517, 518, 519, 522, 523, 524, 525, 526, 529, 530, 531, 532, 535, 536, 537, 539, 541, 542, 543, 545, 549, 552, 553, 554, 557, 559, 560, 561, 562, 564, 565, 567, 568, 570, 572, 573, 574, 576, 580, 581, 582, 585, 586, 587, 590, 601, 602, 603, 604, 606, 609, 610, 611, 612, 614, 616, 618, 619, 620, 622, 624, 625, 628, 629, 631, 633, 635, 636, 639, 640, 643, 645, 651, 652, 653, 656, 657, 660, 673, 674, 675, 676, 677, 678, 679, 680, 681, 684, 685, 686, 689, 690, 691, 693, 695, 697, 698, 699, 701, 710, 711, 720, 721, 722, 725, 731, 732, 735, 737, 743, 744, 745, 748, 749, 752, 753, 757, 758, 762, 763, 768, 769, 773, 774, 778, 780, 781, 782, 784, 788, 789, 790, 793, 794, 797, 799, 802, 803, 804, 807, 809, 810, 816, 818, 819, 820, 822, 824, 826, 828, 829, 830, 832, 836, 837, 855, 857, 858, 859, 863, 881, 882], "excluded_lines": [], "functions": {"WalkForwardConfig.__post_init__": {"executed_lines": [], "summary": {"covered_lines": 0, "num_statements": 2, "percent_covered": 0.0, "percent_covered_display": "0.00", "missing_lines": 2, "excluded_lines": 0}, "missing_lines": [68, 69], "excluded_lines": []}, "AdvancedWalkForwardOptimizer.__init__": {"executed_lines": [], "summary": {"covered_lines": 0, "num_statements": 7, "percent_covered": 0.0, "percent_covered_display": "0.00", "missing_lines": 7, "excluded_lines": 0}, "missing_lines": [96, 97, 100, 101, 102, 105, 106], "excluded_lines": []}, "AdvancedWalkForwardOptimizer.optimize_strategy": {"executed_lines": [], "summary": {"covered_lines": 0, "num_statements": 12, "percent_covered": 0.0, "percent_covered_display": "0.00", "missing_lines": 12, "excluded_lines": 0}, "missing_lines": [127, 128, 131, 136, 139, 142, 146, 154, 158, 160, 161, 162], "excluded_lines": []}, "AdvancedWalkForwardOptimizer._perform_walk_forward_analysis": {"executed_lines": [], "summary": {"covered_lines": 0, "num_statements": 30, "percent_covered": 0.0, "percent_covered_display": "0.00", "missing_lines": 30, "excluded_lines": 0}, "missing_lines": [183, 184, 187, 193, 195, 196, 198, 199, 200, 202, 203, 206, 207, 210, 213, 216, 219, 223, 230, 235, 240, 245, 249, 254, 257, 271, 273, 274, 275, 277], "excluded_lines": []}, "AdvancedWalkForwardOptimizer._optimize_parameters_bayesian": {"executed_lines": [], "summary": {"covered_lines": 0, "num_statements": 28, "percent_covered": 0.0, "percent_covered_display": "0.00", "missing_lines": 28, "excluded_lines": 0}, "missing_lines": [291, 292, 293, 294, 297, 298, 300, 301, 303, 304, 305, 308, 310, 312, 313, 317, 324, 325, 341, 342, 343, 352, 353, 354, 356, 358, 359, 360], "excluded_lines": []}, "AdvancedWalkForwardOptimizer._optimize_parameters_bayesian.objective": {"executed_lines": [], "summary": {"covered_lines": 0, "num_statements": 7, "percent_covered": 0.0, "percent_covered_display": "0.00", "missing_lines": 7, "excluded_lines": 0}, "missing_lines": [326, 328, 331, 334, 336, 337, 338], "excluded_lines": []}, "AdvancedWalkForwardOptimizer._optimize_parameters_grid": {"executed_lines": [], "summary": {"covered_lines": 0, "num_statements": 14, "percent_covered": 0.0, "percent_covered_display": "0.00", "missing_lines": 14, "excluded_lines": 0}, "missing_lines": [373, 375, 376, 378, 379, 380, 381, 382, 384, 385, 386, 388, 389, 391], "excluded_lines": []}, "AdvancedWalkForwardOptimizer._generate_param_combinations": {"executed_lines": [], "summary": {"covered_lines": 0, "num_statements": 16, "percent_covered": 0.0, "percent_covered_display": "0.00", "missing_lines": 16, "excluded_lines": 0}, "missing_lines": [399, 402, 404, 405, 406, 407, 409, 411, 412, 415, 416, 418, 421, 422, 423, 425], "excluded_lines": []}, "AdvancedWalkForwardOptimizer._evaluate_strategy": {"executed_lines": [], "summary": {"covered_lines": 0, "num_statements": 10, "percent_covered": 0.0, "percent_covered_display": "0.00", "missing_lines": 10, "excluded_lines": 0}, "missing_lines": [433, 435, 438, 440, 441, 444, 455, 457, 458, 459], "excluded_lines": []}, "AdvancedWalkForwardOptimizer._calculate_validation_score": {"executed_lines": [], "summary": {"covered_lines": 0, "num_statements": 14, "percent_covered": 0.0, "percent_covered_display": "0.00", "missing_lines": 14, "excluded_lines": 0}, "missing_lines": [476, 478, 479, 482, 485, 486, 487, 490, 491, 494, 498, 500, 501, 502], "excluded_lines": []}, "AdvancedWalkForwardOptimizer._calculate_overfitting_risk": {"executed_lines": [], "summary": {"covered_lines": 0, "num_statements": 23, "percent_covered": 0.0, "percent_covered_display": "0.00", "missing_lines": 23, "excluded_lines": 0}, "missing_lines": [510, 512, 515, 516, 517, 518, 519, 522, 523, 524, 525, 526, 529, 530, 531, 532, 535, 536, 537, 539, 541, 542, 543], "excluded_lines": []}, "AdvancedWalkForwardOptimizer._test_statistical_significance": {"executed_lines": [], "summary": {"covered_lines": 0, "num_statements": 17, "percent_covered": 0.0, "percent_covered_display": "0.00", "missing_lines": 17, "excluded_lines": 0}, "missing_lines": [549, 552, 553, 554, 557, 559, 560, 561, 562, 564, 565, 567, 568, 570, 572, 573, 574], "excluded_lines": []}, "AdvancedWalkForwardOptimizer._analyze_overfitting_risk": {"executed_lines": [], "summary": {"covered_lines": 0, "num_statements": 21, "percent_covered": 0.0, "percent_covered_display": "0.00", "missing_lines": 21, "excluded_lines": 0}, "missing_lines": [580, 581, 582, 585, 586, 587, 590, 601, 602, 603, 604, 606, 609, 610, 611, 612, 614, 616, 618, 619, 620], "excluded_lines": []}, "AdvancedWalkForwardOptimizer._calculate_persistence": {"executed_lines": [], "summary": {"covered_lines": 0, "num_statements": 5, "percent_covered": 0.0, "percent_covered_display": "0.00", "missing_lines": 5, "excluded_lines": 0}, "missing_lines": [624, 625, 628, 629, 631], "excluded_lines": []}, "AdvancedWalkForwardOptimizer._calculate_trend": {"executed_lines": [], "summary": {"covered_lines": 0, "num_statements": 5, "percent_covered": 0.0, "percent_covered_display": "0.00", "missing_lines": 5, "excluded_lines": 0}, "missing_lines": [635, 636, 639, 640, 643], "excluded_lines": []}, "AdvancedWalkForwardOptimizer._perform_statistical_validation": {"executed_lines": [], "summary": {"covered_lines": 0, "num_statements": 26, "percent_covered": 0.0, "percent_covered_display": "0.00", "missing_lines": 26, "excluded_lines": 0}, "missing_lines": [651, 652, 653, 656, 657, 660, 673, 674, 675, 676, 677, 678, 679, 680, 681, 684, 685, 686, 689, 690, 691, 693, 695, 697, 698, 699], "excluded_lines": []}, "AdvancedWalkForwardOptimizer._generate_optimization_recommendations": {"executed_lines": [], "summary": {"covered_lines": 0, "num_statements": 29, "percent_covered": 0.0, "percent_covered_display": "0.00", "missing_lines": 29, "excluded_lines": 0}, "missing_lines": [710, 711, 720, 721, 722, 725, 731, 732, 735, 737, 743, 744, 745, 748, 749, 752, 753, 757, 758, 762, 763, 768, 769, 773, 774, 778, 780, 781, 782], "excluded_lines": []}, "AdvancedWalkForwardOptimizer._find_stable_parameters": {"executed_lines": [], "summary": {"covered_lines": 0, "num_statements": 23, "percent_covered": 0.0, "percent_covered_display": "0.00", "missing_lines": 23, "excluded_lines": 0}, "missing_lines": [788, 789, 790, 793, 794, 797, 799, 802, 803, 804, 807, 809, 810, 816, 818, 819, 820, 822, 824, 826, 828, 829, 830], "excluded_lines": []}, "AdvancedWalkForwardOptimizer._create_optimization_summary": {"executed_lines": [], "summary": {"covered_lines": 0, "num_statements": 6, "percent_covered": 0.0, "percent_covered_display": "0.00", "missing_lines": 6, "excluded_lines": 0}, "missing_lines": [836, 837, 855, 857, 858, 859], "excluded_lines": []}, "optimize_strategy_walk_forward": {"executed_lines": [], "summary": {"covered_lines": 0, "num_statements": 2, "percent_covered": 0.0, "percent_covered_display": "0.00", "missing_lines": 2, "excluded_lines": 0}, "missing_lines": [881, 882], "excluded_lines": []}, "": {"executed_lines": [], "summary": {"covered_lines": 0, "num_statements": 56, "percent_covered": 0.0, "percent_covered_display": "0.00", "missing_lines": 56, "excluded_lines": 0}, "missing_lines": [16, 17, 18, 19, 20, 22, 23, 24, 25, 27, 30, 31, 34, 35, 36, 37, 38, 39, 40, 41, 42, 43, 44, 47, 48, 51, 52, 53, 54, 57, 58, 59, 62, 63, 64, 65, 67, 77, 89, 108, 164, 279, 362, 393, 427, 470, 504, 545, 576, 622, 633, 645, 701, 784, 832, 863], "excluded_lines": []}}, "classes": {"OptimizationResult": {"executed_lines": [], "summary": {"covered_lines": 0, "num_statements": 0, "percent_covered": 100.0, "percent_covered_display": "100.00", "missing_lines": 0, "excluded_lines": 0}, "missing_lines": [], "excluded_lines": []}, "WalkForwardConfig": {"executed_lines": [], "summary": {"covered_lines": 0, "num_statements": 2, "percent_covered": 0.0, "percent_covered_display": "0.00", "missing_lines": 2, "excluded_lines": 0}, "missing_lines": [68, 69], "excluded_lines": []}, "AdvancedWalkForwardOptimizer": {"executed_lines": [], "summary": {"covered_lines": 0, "num_statements": 293, "percent_covered": 0.0, "percent_covered_display": "0.00", "missing_lines": 293, "excluded_lines": 0}, "missing_lines": [96, 97, 100, 101, 102, 105, 106, 127, 128, 131, 136, 139, 142, 146, 154, 158, 160, 161, 162, 183, 184, 187, 193, 195, 196, 198, 199, 200, 202, 203, 206, 207, 210, 213, 216, 219, 223, 230, 235, 240, 245, 249, 254, 257, 271, 273, 274, 275, 277, 291, 292, 293, 294, 297, 298, 300, 301, 303, 304, 305, 308, 310, 312, 313, 317, 324, 325, 326, 328, 331, 334, 336, 337, 338, 341, 342, 343, 352, 353, 354, 356, 358, 359, 360, 373, 375, 376, 378, 379, 380, 381, 382, 384, 385, 386, 388, 389, 391, 399, 402, 404, 405, 406, 407, 409, 411, 412, 415, 416, 418, 421, 422, 423, 425, 433, 435, 438, 440, 441, 444, 455, 457, 458, 459, 476, 478, 479, 482, 485, 486, 487, 490, 491, 494, 498, 500, 501, 502, 510, 512, 515, 516, 517, 518, 519, 522, 523, 524, 525, 526, 529, 530, 531, 532, 535, 536, 537, 539, 541, 542, 543, 549, 552, 553, 554, 557, 559, 560, 561, 562, 564, 565, 567, 568, 570, 572, 573, 574, 580, 581, 582, 585, 586, 587, 590, 601, 602, 603, 604, 606, 609, 610, 611, 612, 614, 616, 618, 619, 620, 624, 625, 628, 629, 631, 635, 636, 639, 640, 643, 651, 652, 653, 656, 657, 660, 673, 674, 675, 676, 677, 678, 679, 680, 681, 684, 685, 686, 689, 690, 691, 693, 695, 697, 698, 699, 710, 711, 720, 721, 722, 725, 731, 732, 735, 737, 743, 744, 745, 748, 749, 752, 753, 757, 758, 762, 763, 768, 769, 773, 774, 778, 780, 781, 782, 788, 789, 790, 793, 794, 797, 799, 802, 803, 804, 807, 809, 810, 816, 818, 819, 820, 822, 824, 826, 828, 829, 830, 836, 837, 855, 857, 858, 859], "excluded_lines": []}, "": {"executed_lines": [], "summary": {"covered_lines": 0, "num_statements": 58, "percent_covered": 0.0, "percent_covered_display": "0.00", "missing_lines": 58, "excluded_lines": 0}, "missing_lines": [16, 17, 18, 19, 20, 22, 23, 24, 25, 27, 30, 31, 34, 35, 36, 37, 38, 39, 40, 41, 42, 43, 44, 47, 48, 51, 52, 53, 54, 57, 58, 59, 62, 63, 64, 65, 67, 77, 89, 108, 164, 279, 362, 393, 427, 470, 504, 545, 576, 622, 633, 645, 701, 784, 832, 863, 881, 882], "excluded_lines": []}}}, "src\\consciousness\\metrics.py": {"executed_lines": [], "summary": {"covered_lines": 0, "num_statements": 127, "percent_covered": 0.0, "percent_covered_display": "0.00", "missing_lines": 127, "excluded_lines": 0}, "missing_lines": [6, 7, 8, 9, 11, 12, 14, 17, 18, 21, 22, 23, 24, 25, 27, 28, 37, 43, 44, 45, 46, 48, 58, 60, 61, 62, 65, 66, 67, 68, 72, 75, 78, 81, 84, 85, 87, 88, 89, 92, 93, 95, 97, 98, 99, 101, 103, 105, 106, 109, 111, 112, 115, 118, 119, 121, 123, 124, 125, 127, 129, 130, 131, 134, 137, 138, 140, 142, 143, 144, 146, 148, 149, 152, 153, 154, 157, 158, 159, 160, 162, 163, 164, 167, 169, 171, 172, 173, 175, 177, 185, 191, 192, 194, 205, 206, 207, 210, 211, 217, 218, 220, 221, 224, 225, 227, 229, 230, 231, 234, 240, 241, 242, 244, 254, 256, 257, 260, 261, 264, 267, 269, 277, 278, 279, 283, 285], "excluded_lines": [], "functions": {"ConsciousnessMetrics.to_dict": {"executed_lines": [], "summary": {"covered_lines": 0, "num_statements": 1, "percent_covered": 0.0, "percent_covered_display": "0.00", "missing_lines": 1, "excluded_lines": 0}, "missing_lines": [28], "excluded_lines": []}, "PhiCalculator.__init__": {"executed_lines": [], "summary": {"covered_lines": 0, "num_statements": 3, "percent_covered": 0.0, "percent_covered_display": "0.00", "missing_lines": 3, "excluded_lines": 0}, "missing_lines": [44, 45, 46], "excluded_lines": []}, "PhiCalculator.calculate_phi": {"executed_lines": [], "summary": {"covered_lines": 0, "num_statements": 23, "percent_covered": 0.0, "percent_covered_display": "0.00", "missing_lines": 23, "excluded_lines": 0}, "missing_lines": [58, 60, 61, 62, 65, 66, 67, 68, 72, 75, 78, 81, 84, 85, 87, 88, 89, 92, 93, 95, 97, 98, 99], "excluded_lines": []}, "PhiCalculator._calculate_price_complexity": {"executed_lines": [], "summary": {"covered_lines": 0, "num_statements": 13, "percent_covered": 0.0, "percent_covered_display": "0.00", "missing_lines": 13, "excluded_lines": 0}, "missing_lines": [103, 105, 106, 109, 111, 112, 115, 118, 119, 121, 123, 124, 125], "excluded_lines": []}, "PhiCalculator._calculate_volume_coherence": {"executed_lines": [], "summary": {"covered_lines": 0, "num_statements": 10, "percent_covered": 0.0, "percent_covered_display": "0.00", "missing_lines": 10, "excluded_lines": 0}, "missing_lines": [129, 130, 131, 134, 137, 138, 140, 142, 143, 144], "excluded_lines": []}, "PhiCalculator._calculate_market_integration": {"executed_lines": [], "summary": {"covered_lines": 0, "num_statements": 17, "percent_covered": 0.0, "percent_covered_display": "0.00", "missing_lines": 17, "excluded_lines": 0}, "missing_lines": [148, 149, 152, 153, 154, 157, 158, 159, 160, 162, 163, 164, 167, 169, 171, 172, 173], "excluded_lines": []}, "PhiCalculator.get_performance_stats": {"executed_lines": [], "summary": {"covered_lines": 0, "num_statements": 1, "percent_covered": 0.0, "percent_covered_display": "0.00", "missing_lines": 1, "excluded_lines": 0}, "missing_lines": [177], "excluded_lines": []}, "ValenceCalculator.__init__": {"executed_lines": [], "summary": {"covered_lines": 0, "num_statements": 1, "percent_covered": 0.0, "percent_covered_display": "0.00", "missing_lines": 1, "excluded_lines": 0}, "missing_lines": [192], "excluded_lines": []}, "ValenceCalculator.calculate_valence": {"executed_lines": [], "summary": {"covered_lines": 0, "num_statements": 15, "percent_covered": 0.0, "percent_covered_display": "0.00", "missing_lines": 15, "excluded_lines": 0}, "missing_lines": [205, 206, 207, 210, 211, 217, 218, 220, 221, 224, 225, 227, 229, 230, 231], "excluded_lines": []}, "IITCore.__init__": {"executed_lines": [], "summary": {"covered_lines": 0, "num_statements": 2, "percent_covered": 0.0, "percent_covered_display": "0.00", "missing_lines": 2, "excluded_lines": 0}, "missing_lines": [241, 242], "excluded_lines": []}, "IITCore.calculate_consciousness_metrics": {"executed_lines": [], "summary": {"covered_lines": 0, "num_statements": 11, "percent_covered": 0.0, "percent_covered_display": "0.00", "missing_lines": 11, "excluded_lines": 0}, "missing_lines": [254, 256, 257, 260, 261, 264, 267, 269, 277, 278, 279], "excluded_lines": []}, "IITCore.get_system_status": {"executed_lines": [], "summary": {"covered_lines": 0, "num_statements": 1, "percent_covered": 0.0, "percent_covered_display": "0.00", "missing_lines": 1, "excluded_lines": 0}, "missing_lines": [285], "excluded_lines": []}, "": {"executed_lines": [], "summary": {"covered_lines": 0, "num_statements": 29, "percent_covered": 0.0, "percent_covered_display": "0.00", "missing_lines": 29, "excluded_lines": 0}, "missing_lines": [6, 7, 8, 9, 11, 12, 14, 17, 18, 21, 22, 23, 24, 25, 27, 37, 43, 48, 101, 127, 146, 175, 185, 191, 194, 234, 240, 244, 283], "excluded_lines": []}}, "classes": {"ConsciousnessMetrics": {"executed_lines": [], "summary": {"covered_lines": 0, "num_statements": 1, "percent_covered": 0.0, "percent_covered_display": "0.00", "missing_lines": 1, "excluded_lines": 0}, "missing_lines": [28], "excluded_lines": []}, "PhiCalculator": {"executed_lines": [], "summary": {"covered_lines": 0, "num_statements": 67, "percent_covered": 0.0, "percent_covered_display": "0.00", "missing_lines": 67, "excluded_lines": 0}, "missing_lines": [44, 45, 46, 58, 60, 61, 62, 65, 66, 67, 68, 72, 75, 78, 81, 84, 85, 87, 88, 89, 92, 93, 95, 97, 98, 99, 103, 105, 106, 109, 111, 112, 115, 118, 119, 121, 123, 124, 125, 129, 130, 131, 134, 137, 138, 140, 142, 143, 144, 148, 149, 152, 153, 154, 157, 158, 159, 160, 162, 163, 164, 167, 169, 171, 172, 173, 177], "excluded_lines": []}, "ValenceCalculator": {"executed_lines": [], "summary": {"covered_lines": 0, "num_statements": 16, "percent_covered": 0.0, "percent_covered_display": "0.00", "missing_lines": 16, "excluded_lines": 0}, "missing_lines": [192, 205, 206, 207, 210, 211, 217, 218, 220, 221, 224, 225, 227, 229, 230, 231], "excluded_lines": []}, "IITCore": {"executed_lines": [], "summary": {"covered_lines": 0, "num_statements": 14, "percent_covered": 0.0, "percent_covered_display": "0.00", "missing_lines": 14, "excluded_lines": 0}, "missing_lines": [241, 242, 254, 256, 257, 260, 261, 264, 267, 269, 277, 278, 279, 285], "excluded_lines": []}, "": {"executed_lines": [], "summary": {"covered_lines": 0, "num_statements": 29, "percent_covered": 0.0, "percent_covered_display": "0.00", "missing_lines": 29, "excluded_lines": 0}, "missing_lines": [6, 7, 8, 9, 11, 12, 14, 17, 18, 21, 22, 23, 24, 25, 27, 37, 43, 48, 101, 127, 146, 175, 185, 191, 194, 234, 240, 244, 283], "excluded_lines": []}}}, "src\\models\\core_types.py": {"executed_lines": [], "summary": {"covered_lines": 0, "num_statements": 71, "percent_covered": 0.0, "percent_covered_display": "0.00", "missing_lines": 71, "excluded_lines": 0}, "missing_lines": [8, 9, 10, 11, 14, 15, 18, 19, 20, 21, 23, 26, 29, 30, 33, 34, 35, 36, 37, 38, 40, 42, 43, 44, 47, 48, 51, 52, 53, 54, 55, 56, 57, 59, 61, 62, 63, 64, 67, 68, 71, 72, 73, 74, 75, 76, 77, 79, 81, 82, 85, 86, 89, 90, 91, 92, 93, 94, 96, 98, 101, 102, 105, 106, 107, 108, 109, 110, 111, 113, 115], "excluded_lines": [], "functions": {"MarketTick.__post_init__": {"executed_lines": [], "summary": {"covered_lines": 0, "num_statements": 1, "percent_covered": 0.0, "percent_covered_display": "0.00", "missing_lines": 1, "excluded_lines": 0}, "missing_lines": [26], "excluded_lines": []}, "Order.__post_init__": {"executed_lines": [], "summary": {"covered_lines": 0, "num_statements": 3, "percent_covered": 0.0, "percent_covered_display": "0.00", "missing_lines": 3, "excluded_lines": 0}, "missing_lines": [42, 43, 44], "excluded_lines": []}, "Trade.__post_init__": {"executed_lines": [], "summary": {"covered_lines": 0, "num_statements": 4, "percent_covered": 0.0, "percent_covered_display": "0.00", "missing_lines": 4, "excluded_lines": 0}, "missing_lines": [61, 62, 63, 64], "excluded_lines": []}, "Position.__post_init__": {"executed_lines": [], "summary": {"covered_lines": 0, "num_statements": 2, "percent_covered": 0.0, "percent_covered_display": "0.00", "missing_lines": 2, "excluded_lines": 0}, "missing_lines": [81, 82], "excluded_lines": []}, "RiskMetrics.__post_init__": {"executed_lines": [], "summary": {"covered_lines": 0, "num_statements": 1, "percent_covered": 0.0, "percent_covered_display": "0.00", "missing_lines": 1, "excluded_lines": 0}, "missing_lines": [98], "excluded_lines": []}, "PerformanceSnapshot.__post_init__": {"executed_lines": [], "summary": {"covered_lines": 0, "num_statements": 1, "percent_covered": 0.0, "percent_covered_display": "0.00", "missing_lines": 1, "excluded_lines": 0}, "missing_lines": [115], "excluded_lines": []}, "": {"executed_lines": [], "summary": {"covered_lines": 0, "num_statements": 59, "percent_covered": 0.0, "percent_covered_display": "0.00", "missing_lines": 59, "excluded_lines": 0}, "missing_lines": [8, 9, 10, 11, 14, 15, 18, 19, 20, 21, 23, 29, 30, 33, 34, 35, 36, 37, 38, 40, 47, 48, 51, 52, 53, 54, 55, 56, 57, 59, 67, 68, 71, 72, 73, 74, 75, 76, 77, 79, 85, 86, 89, 90, 91, 92, 93, 94, 96, 101, 102, 105, 106, 107, 108, 109, 110, 111, 113], "excluded_lines": []}}, "classes": {"MarketTick": {"executed_lines": [], "summary": {"covered_lines": 0, "num_statements": 1, "percent_covered": 0.0, "percent_covered_display": "0.00", "missing_lines": 1, "excluded_lines": 0}, "missing_lines": [26], "excluded_lines": []}, "Order": {"executed_lines": [], "summary": {"covered_lines": 0, "num_statements": 3, "percent_covered": 0.0, "percent_covered_display": "0.00", "missing_lines": 3, "excluded_lines": 0}, "missing_lines": [42, 43, 44], "excluded_lines": []}, "Trade": {"executed_lines": [], "summary": {"covered_lines": 0, "num_statements": 4, "percent_covered": 0.0, "percent_covered_display": "0.00", "missing_lines": 4, "excluded_lines": 0}, "missing_lines": [61, 62, 63, 64], "excluded_lines": []}, "Position": {"executed_lines": [], "summary": {"covered_lines": 0, "num_statements": 2, "percent_covered": 0.0, "percent_covered_display": "0.00", "missing_lines": 2, "excluded_lines": 0}, "missing_lines": [81, 82], "excluded_lines": []}, "RiskMetrics": {"executed_lines": [], "summary": {"covered_lines": 0, "num_statements": 1, "percent_covered": 0.0, "percent_covered_display": "0.00", "missing_lines": 1, "excluded_lines": 0}, "missing_lines": [98], "excluded_lines": []}, "PerformanceSnapshot": {"executed_lines": [], "summary": {"covered_lines": 0, "num_statements": 1, "percent_covered": 0.0, "percent_covered_display": "0.00", "missing_lines": 1, "excluded_lines": 0}, "missing_lines": [115], "excluded_lines": []}, "": {"executed_lines": [], "summary": {"covered_lines": 0, "num_statements": 59, "percent_covered": 0.0, "percent_covered_display": "0.00", "missing_lines": 59, "excluded_lines": 0}, "missing_lines": [8, 9, 10, 11, 14, 15, 18, 19, 20, 21, 23, 29, 30, 33, 34, 35, 36, 37, 38, 40, 47, 48, 51, 52, 53, 54, 55, 56, 57, 59, 67, 68, 71, 72, 73, 74, 75, 76, 77, 79, 85, 86, 89, 90, 91, 92, 93, 94, 96, 101, 102, 105, 106, 107, 108, 109, 110, 111, 113], "excluded_lines": []}}}, "src\\risk\\advanced_risk_manager.py": {"executed_lines": [], "summary": {"covered_lines": 0, "num_statements": 73, "percent_covered": 0.0, "percent_covered_display": "0.00", "missing_lines": 73, "excluded_lines": 0}, "missing_lines": [8, 9, 10, 12, 13, 16, 17, 19, 20, 21, 22, 23, 24, 27, 28, 30, 31, 32, 33, 34, 35, 36, 37, 39, 40, 41, 43, 44, 56, 72, 80, 81, 82, 83, 84, 85, 87, 97, 98, 100, 103, 104, 107, 108, 109, 112, 113, 114, 115, 116, 118, 128, 146, 149, 152, 153, 154, 157, 158, 160, 162, 164, 174, 180, 190, 191, 193, 195, 196, 198, 199, 201, 203], "excluded_lines": [], "functions": {"RiskMetrics.__post_init__": {"executed_lines": [], "summary": {"covered_lines": 0, "num_statements": 2, "percent_covered": 0.0, "percent_covered_display": "0.00", "missing_lines": 2, "excluded_lines": 0}, "missing_lines": [40, 41], "excluded_lines": []}, "RiskMetrics.to_dict": {"executed_lines": [], "summary": {"covered_lines": 0, "num_statements": 1, "percent_covered": 0.0, "percent_covered_display": "0.00", "missing_lines": 1, "excluded_lines": 0}, "missing_lines": [44], "excluded_lines": []}, "AdvancedRiskManager.__init__": {"executed_lines": [], "summary": {"covered_lines": 0, "num_statements": 6, "percent_covered": 0.0, "percent_covered_display": "0.00", "missing_lines": 6, "excluded_lines": 0}, "missing_lines": [80, 81, 82, 83, 84, 85], "excluded_lines": []}, "AdvancedRiskManager.calculate_risk_metrics": {"executed_lines": [], "summary": {"covered_lines": 0, "num_statements": 14, "percent_covered": 0.0, "percent_covered_display": "0.00", "missing_lines": 14, "excluded_lines": 0}, "missing_lines": [97, 98, 100, 103, 104, 107, 108, 109, 112, 113, 114, 115, 116, 118], "excluded_lines": []}, "AdvancedRiskManager.calculate_position_size": {"executed_lines": [], "summary": {"covered_lines": 0, "num_statements": 9, "percent_covered": 0.0, "percent_covered_display": "0.00", "missing_lines": 9, "excluded_lines": 0}, "missing_lines": [146, 149, 152, 153, 154, 157, 158, 160, 162], "excluded_lines": []}, "AdvancedRiskManager.check_risk_limits": {"executed_lines": [], "summary": {"covered_lines": 0, "num_statements": 1, "percent_covered": 0.0, "percent_covered_display": "0.00", "missing_lines": 1, "excluded_lines": 0}, "missing_lines": [174], "excluded_lines": []}, "AdvancedRiskManager.should_stop_trading": {"executed_lines": [], "summary": {"covered_lines": 0, "num_statements": 2, "percent_covered": 0.0, "percent_covered_display": "0.00", "missing_lines": 2, "excluded_lines": 0}, "missing_lines": [190, 191], "excluded_lines": []}, "AdvancedRiskManager.update_portfolio_value": {"executed_lines": [], "summary": {"covered_lines": 0, "num_statements": 4, "percent_covered": 0.0, "percent_covered_display": "0.00", "missing_lines": 4, "excluded_lines": 0}, "missing_lines": [195, 196, 198, 199], "excluded_lines": []}, "AdvancedRiskManager.reset_daily": {"executed_lines": [], "summary": {"covered_lines": 0, "num_statements": 1, "percent_covered": 0.0, "percent_covered_display": "0.00", "missing_lines": 1, "excluded_lines": 0}, "missing_lines": [203], "excluded_lines": []}, "": {"executed_lines": [], "summary": {"covered_lines": 0, "num_statements": 33, "percent_covered": 0.0, "percent_covered_display": "0.00", "missing_lines": 33, "excluded_lines": 0}, "missing_lines": [8, 9, 10, 12, 13, 16, 17, 19, 20, 21, 22, 23, 24, 27, 28, 30, 31, 32, 33, 34, 35, 36, 37, 39, 43, 56, 72, 87, 128, 164, 180, 193, 201], "excluded_lines": []}}, "classes": {"RiskLimits": {"executed_lines": [], "summary": {"covered_lines": 0, "num_statements": 0, "percent_covered": 100.0, "percent_covered_display": "100.00", "missing_lines": 0, "excluded_lines": 0}, "missing_lines": [], "excluded_lines": []}, "RiskMetrics": {"executed_lines": [], "summary": {"covered_lines": 0, "num_statements": 3, "percent_covered": 0.0, "percent_covered_display": "0.00", "missing_lines": 3, "excluded_lines": 0}, "missing_lines": [40, 41, 44], "excluded_lines": []}, "AdvancedRiskManager": {"executed_lines": [], "summary": {"covered_lines": 0, "num_statements": 37, "percent_covered": 0.0, "percent_covered_display": "0.00", "missing_lines": 37, "excluded_lines": 0}, "missing_lines": [80, 81, 82, 83, 84, 85, 97, 98, 100, 103, 104, 107, 108, 109, 112, 113, 114, 115, 116, 118, 146, 149, 152, 153, 154, 157, 158, 160, 162, 174, 190, 191, 195, 196, 198, 199, 203], "excluded_lines": []}, "": {"executed_lines": [], "summary": {"covered_lines": 0, "num_statements": 33, "percent_covered": 0.0, "percent_covered_display": "0.00", "missing_lines": 33, "excluded_lines": 0}, "missing_lines": [8, 9, 10, 12, 13, 16, 17, 19, 20, 21, 22, 23, 24, 27, 28, 30, 31, 32, 33, 34, 35, 36, 37, 39, 43, 56, 72, 87, 128, 164, 180, 193, 201], "excluded_lines": []}}}, "src\\strategy\\base.py": {"executed_lines": [], "summary": {"covered_lines": 0, "num_statements": 64, "percent_covered": 0.0, "percent_covered_display": "0.00", "missing_lines": 64, "excluded_lines": 0}, "missing_lines": [8, 9, 10, 11, 13, 16, 17, 19, 20, 21, 22, 23, 25, 26, 27, 30, 37, 39, 40, 42, 43, 53, 55, 65, 68, 69, 70, 71, 72, 73, 75, 77, 78, 86, 87, 89, 90, 91, 93, 101, 103, 105, 107, 110, 113, 114, 115, 116, 117, 119, 121, 123, 124, 127, 128, 129, 130, 131, 133, 134, 135, 141, 142, 149], "excluded_lines": [], "functions": {"TradeSignal.__post_init__": {"executed_lines": [], "summary": {"covered_lines": 0, "num_statements": 2, "percent_covered": 0.0, "percent_covered_display": "0.00", "missing_lines": 2, "excluded_lines": 0}, "missing_lines": [26, 27], "excluded_lines": []}, "BaseStrategy.__init__": {"executed_lines": [], "summary": {"covered_lines": 0, "num_statements": 2, "percent_covered": 0.0, "percent_covered_display": "0.00", "missing_lines": 2, "excluded_lines": 0}, "missing_lines": [39, 40], "excluded_lines": []}, "BaseStrategy.generate_signals": {"executed_lines": [], "summary": {"covered_lines": 0, "num_statements": 1, "percent_covered": 0.0, "percent_covered_display": "0.00", "missing_lines": 1, "excluded_lines": 0}, "missing_lines": [53], "excluded_lines": []}, "BaseStrategy.backtest": {"executed_lines": [], "summary": {"covered_lines": 0, "num_statements": 16, "percent_covered": 0.0, "percent_covered_display": "0.00", "missing_lines": 16, "excluded_lines": 0}, "missing_lines": [65, 68, 69, 70, 71, 72, 73, 75, 77, 78, 86, 87, 89, 90, 91, 93], "excluded_lines": []}, "BaseStrategy.set_params": {"executed_lines": [], "summary": {"covered_lines": 0, "num_statements": 1, "percent_covered": 0.0, "percent_covered_display": "0.00", "missing_lines": 1, "excluded_lines": 0}, "missing_lines": [103], "excluded_lines": []}, "BaseStrategy.get_params": {"executed_lines": [], "summary": {"covered_lines": 0, "num_statements": 1, "percent_covered": 0.0, "percent_covered_display": "0.00", "missing_lines": 1, "excluded_lines": 0}, "missing_lines": [107], "excluded_lines": []}, "RSIStrategy.__init__": {"executed_lines": [], "summary": {"covered_lines": 0, "num_statements": 4, "percent_covered": 0.0, "percent_covered_display": "0.00", "missing_lines": 4, "excluded_lines": 0}, "missing_lines": [114, 115, 116, 117], "excluded_lines": []}, "RSIStrategy.generate_signals": {"executed_lines": [], "summary": {"covered_lines": 0, "num_statements": 14, "percent_covered": 0.0, "percent_covered_display": "0.00", "missing_lines": 14, "excluded_lines": 0}, "missing_lines": [121, 123, 124, 127, 128, 129, 130, 131, 133, 134, 135, 141, 142, 149], "excluded_lines": []}, "": {"executed_lines": [], "summary": {"covered_lines": 0, "num_statements": 23, "percent_covered": 0.0, "percent_covered_display": "0.00", "missing_lines": 23, "excluded_lines": 0}, "missing_lines": [8, 9, 10, 11, 13, 16, 17, 19, 20, 21, 22, 23, 25, 30, 37, 42, 43, 55, 101, 105, 110, 113, 119], "excluded_lines": []}}, "classes": {"TradeSignal": {"executed_lines": [], "summary": {"covered_lines": 0, "num_statements": 2, "percent_covered": 0.0, "percent_covered_display": "0.00", "missing_lines": 2, "excluded_lines": 0}, "missing_lines": [26, 27], "excluded_lines": []}, "BaseStrategy": {"executed_lines": [], "summary": {"covered_lines": 0, "num_statements": 21, "percent_covered": 0.0, "percent_covered_display": "0.00", "missing_lines": 21, "excluded_lines": 0}, "missing_lines": [39, 40, 53, 65, 68, 69, 70, 71, 72, 73, 75, 77, 78, 86, 87, 89, 90, 91, 93, 103, 107], "excluded_lines": []}, "RSIStrategy": {"executed_lines": [], "summary": {"covered_lines": 0, "num_statements": 18, "percent_covered": 0.0, "percent_covered_display": "0.00", "missing_lines": 18, "excluded_lines": 0}, "missing_lines": [114, 115, 116, 117, 121, 123, 124, 127, 128, 129, 130, 131, 133, 134, 135, 141, 142, 149], "excluded_lines": []}, "": {"executed_lines": [], "summary": {"covered_lines": 0, "num_statements": 23, "percent_covered": 0.0, "percent_covered_display": "0.00", "missing_lines": 23, "excluded_lines": 0}, "missing_lines": [8, 9, 10, 11, 13, 16, 17, 19, 20, 21, 22, 23, 25, 30, 37, 42, 43, 55, 101, 105, 110, 113, 119], "excluded_lines": []}}}, "src\\utils\\async_utils.py": {"executed_lines": [], "summary": {"covered_lines": 0, "num_statements": 116, "percent_covered": 0.0, "percent_covered_display": "0.00", "missing_lines": 116, "excluded_lines": 0}, "missing_lines": [8, 9, 10, 11, 12, 14, 16, 19, 31, 32, 33, 36, 47, 49, 50, 51, 53, 56, 57, 58, 59, 61, 62, 63, 64, 65, 66, 68, 71, 85, 86, 88, 89, 90, 91, 92, 93, 94, 96, 97, 99, 100, 102, 104, 105, 106, 107, 109, 112, 135, 136, 138, 139, 140, 141, 142, 143, 144, 145, 146, 148, 150, 153, 165, 166, 167, 168, 169, 170, 171, 172, 175, 190, 192, 193, 194, 197, 200, 201, 203, 206, 211, 212, 213, 215, 226, 227, 230, 232, 233, 235, 237, 239, 241, 242, 243, 246, 247, 249, 250, 252, 254, 256, 258, 267, 278, 279, 280, 281, 282, 283, 284, 287, 301, 302, 304], "excluded_lines": [], "functions": {"run_async": {"executed_lines": [], "summary": {"covered_lines": 0, "num_statements": 3, "percent_covered": 0.0, "percent_covered_display": "0.00", "missing_lines": 3, "excluded_lines": 0}, "missing_lines": [31, 32, 33], "excluded_lines": []}, "gather_with_exception_handling": {"executed_lines": [], "summary": {"covered_lines": 0, "num_statements": 16, "percent_covered": 0.0, "percent_covered_display": "0.00", "missing_lines": 16, "excluded_lines": 0}, "missing_lines": [47, 49, 50, 51, 53, 56, 57, 58, 59, 61, 62, 63, 64, 65, 66, 68], "excluded_lines": []}, "run_concurrent_with_limit": {"executed_lines": [], "summary": {"covered_lines": 0, "num_statements": 13, "percent_covered": 0.0, "percent_covered_display": "0.00", "missing_lines": 13, "excluded_lines": 0}, "missing_lines": [85, 86, 88, 96, 97, 99, 100, 102, 104, 105, 106, 107, 109], "excluded_lines": []}, "run_concurrent_with_limit.run_task": {"executed_lines": [], "summary": {"covered_lines": 0, "num_statements": 6, "percent_covered": 0.0, "percent_covered_display": "0.00", "missing_lines": 6, "excluded_lines": 0}, "missing_lines": [89, 90, 91, 92, 93, 94], "excluded_lines": []}, "retry_async": {"executed_lines": [], "summary": {"covered_lines": 0, "num_statements": 13, "percent_covered": 0.0, "percent_covered_display": "0.00", "missing_lines": 13, "excluded_lines": 0}, "missing_lines": [135, 136, 138, 139, 140, 141, 142, 143, 144, 145, 146, 148, 150], "excluded_lines": []}, "run_with_timeout": {"executed_lines": [], "summary": {"covered_lines": 0, "num_statements": 8, "percent_covered": 0.0, "percent_covered_display": "0.00", "missing_lines": 8, "excluded_lines": 0}, "missing_lines": [165, 166, 167, 168, 169, 170, 171, 172], "excluded_lines": []}, "batch_process_async": {"executed_lines": [], "summary": {"covered_lines": 0, "num_statements": 8, "percent_covered": 0.0, "percent_covered_display": "0.00", "missing_lines": 8, "excluded_lines": 0}, "missing_lines": [190, 192, 193, 194, 197, 200, 201, 203], "excluded_lines": []}, "AsyncTaskManager.__init__": {"executed_lines": [], "summary": {"covered_lines": 0, "num_statements": 2, "percent_covered": 0.0, "percent_covered_display": "0.00", "missing_lines": 2, "excluded_lines": 0}, "missing_lines": [212, 213], "excluded_lines": []}, "AsyncTaskManager.start_task": {"executed_lines": [], "summary": {"covered_lines": 0, "num_statements": 6, "percent_covered": 0.0, "percent_covered_display": "0.00", "missing_lines": 6, "excluded_lines": 0}, "missing_lines": [226, 227, 230, 232, 233, 235], "excluded_lines": []}, "AsyncTaskManager.stop_all_tasks": {"executed_lines": [], "summary": {"covered_lines": 0, "num_statements": 8, "percent_covered": 0.0, "percent_covered_display": "0.00", "missing_lines": 8, "excluded_lines": 0}, "missing_lines": [239, 241, 242, 243, 246, 247, 249, 250], "excluded_lines": []}, "AsyncTaskManager.get_active_tasks": {"executed_lines": [], "summary": {"covered_lines": 0, "num_statements": 1, "percent_covered": 0.0, "percent_covered_display": "0.00", "missing_lines": 1, "excluded_lines": 0}, "missing_lines": [254], "excluded_lines": []}, "AsyncTaskManager.get_task_status": {"executed_lines": [], "summary": {"covered_lines": 0, "num_statements": 1, "percent_covered": 0.0, "percent_covered_display": "0.00", "missing_lines": 1, "excluded_lines": 0}, "missing_lines": [258], "excluded_lines": []}, "run_periodic_task": {"executed_lines": [], "summary": {"covered_lines": 0, "num_statements": 7, "percent_covered": 0.0, "percent_covered_display": "0.00", "missing_lines": 7, "excluded_lines": 0}, "missing_lines": [278, 279, 280, 281, 282, 283, 284], "excluded_lines": []}, "run_with_deadline": {"executed_lines": [], "summary": {"covered_lines": 0, "num_statements": 3, "percent_covered": 0.0, "percent_covered_display": "0.00", "missing_lines": 3, "excluded_lines": 0}, "missing_lines": [301, 302, 304], "excluded_lines": []}, "": {"executed_lines": [], "summary": {"covered_lines": 0, "num_statements": 21, "percent_covered": 0.0, "percent_covered_display": "0.00", "missing_lines": 21, "excluded_lines": 0}, "missing_lines": [8, 9, 10, 11, 12, 14, 16, 19, 36, 71, 112, 153, 175, 206, 211, 215, 237, 252, 256, 267, 287], "excluded_lines": []}}, "classes": {"AsyncTaskManager": {"executed_lines": [], "summary": {"covered_lines": 0, "num_statements": 18, "percent_covered": 0.0, "percent_covered_display": "0.00", "missing_lines": 18, "excluded_lines": 0}, "missing_lines": [212, 213, 226, 227, 230, 232, 233, 235, 239, 241, 242, 243, 246, 247, 249, 250, 254, 258], "excluded_lines": []}, "": {"executed_lines": [], "summary": {"covered_lines": 0, "num_statements": 98, "percent_covered": 0.0, "percent_covered_display": "0.00", "missing_lines": 98, "excluded_lines": 0}, "missing_lines": [8, 9, 10, 11, 12, 14, 16, 19, 31, 32, 33, 36, 47, 49, 50, 51, 53, 56, 57, 58, 59, 61, 62, 63, 64, 65, 66, 68, 71, 85, 86, 88, 89, 90, 91, 92, 93, 94, 96, 97, 99, 100, 102, 104, 105, 106, 107, 109, 112, 135, 136, 138, 139, 140, 141, 142, 143, 144, 145, 146, 148, 150, 153, 165, 166, 167, 168, 169, 170, 171, 172, 175, 190, 192, 193, 194, 197, 200, 201, 203, 206, 211, 215, 237, 252, 256, 267, 278, 279, 280, 281, 282, 283, 284, 287, 301, 302, 304], "excluded_lines": []}}}, "src\\utils\\constants.py": {"executed_lines": [], "summary": {"covered_lines": 0, "num_statements": 34, "percent_covered": 0.0, "percent_covered_display": "0.00", "missing_lines": 34, "excluded_lines": 0}, "missing_lines": [8, 11, 13, 31, 45, 46, 47, 48, 49, 52, 53, 54, 55, 56, 57, 58, 61, 62, 63, 64, 67, 68, 69, 72, 73, 74, 77, 163, 177, 187, 209, 220, 229, 241], "excluded_lines": [], "functions": {"": {"executed_lines": [], "summary": {"covered_lines": 0, "num_statements": 34, "percent_covered": 0.0, "percent_covered_display": "0.00", "missing_lines": 34, "excluded_lines": 0}, "missing_lines": [8, 11, 13, 31, 45, 46, 47, 48, 49, 52, 53, 54, 55, 56, 57, 58, 61, 62, 63, 64, 67, 68, 69, 72, 73, 74, 77, 163, 177, 187, 209, 220, 229, 241], "excluded_lines": []}}, "classes": {"": {"executed_lines": [], "summary": {"covered_lines": 0, "num_statements": 34, "percent_covered": 0.0, "percent_covered_display": "0.00", "missing_lines": 34, "excluded_lines": 0}, "missing_lines": [8, 11, 13, 31, 45, 46, 47, 48, 49, 52, 53, 54, 55, 56, 57, 58, 61, 62, 63, 64, 67, 68, 69, 72, 73, 74, 77, 163, 177, 187, 209, 220, 229, 241], "excluded_lines": []}}}, "src\\utils\\data_utils.py": {"executed_lines": [], "summary": {"covered_lines": 0, "num_statements": 234, "percent_covered": 0.0, "percent_covered_display": "0.00", "missing_lines": 234, "excluded_lines": 0}, "missing_lines": [8, 9, 11, 12, 14, 17, 27, 28, 31, 42, 43, 45, 48, 49, 50, 51, 52, 53, 54, 56, 58, 59, 60, 62, 63, 64, 66, 67, 70, 81, 82, 83, 84, 86, 87, 90, 100, 103, 114, 116, 117, 120, 121, 122, 123, 126, 129, 130, 131, 132, 133, 134, 137, 138, 139, 140, 141, 142, 143, 144, 147, 148, 149, 150, 151, 154, 155, 156, 158, 159, 160, 163, 164, 165, 166, 167, 168, 169, 171, 172, 175, 187, 188, 191, 192, 193, 196, 199, 200, 202, 203, 206, 218, 219, 221, 223, 226, 238, 240, 241, 242, 243, 244, 245, 247, 249, 250, 251, 252, 253, 254, 256, 258, 259, 260, 261, 262, 263, 266, 269, 279, 282, 283, 286, 287, 290, 291, 292, 295, 296, 297, 298, 299, 302, 303, 304, 305, 308, 309, 312, 313, 316, 318, 321, 333, 335, 337, 339, 341, 342, 343, 344, 345, 346, 348, 350, 351, 352, 353, 354, 356, 358, 359, 360, 361, 362, 364, 366, 369, 381, 383, 384, 386, 388, 389, 390, 391, 392, 393, 395, 396, 397, 399, 400, 403, 414, 416, 418, 420, 422, 425, 436, 437, 438, 439, 440, 441, 442, 443, 445, 448, 458, 459, 462, 465, 467, 470, 481, 482, 485, 487, 490, 504, 506, 507, 509, 511, 514, 526, 527, 529, 530, 533, 534, 536, 537, 539, 540, 543, 555, 558, 559, 562, 564], "excluded_lines": [], "functions": {"optimize_dataframe_memory": {"executed_lines": [], "summary": {"covered_lines": 0, "num_statements": 19, "percent_covered": 0.0, "percent_covered_display": "0.00", "missing_lines": 19, "excluded_lines": 0}, "missing_lines": [42, 43, 45, 48, 49, 50, 51, 52, 53, 54, 56, 58, 59, 60, 62, 63, 64, 66, 67], "excluded_lines": []}, "chunk_dataframe": {"executed_lines": [], "summary": {"covered_lines": 0, "num_statements": 6, "percent_covered": 0.0, "percent_covered_display": "0.00", "missing_lines": 6, "excluded_lines": 0}, "missing_lines": [81, 82, 83, 84, 86, 87], "excluded_lines": []}, "get_memory_usage_mb": {"executed_lines": [], "summary": {"covered_lines": 0, "num_statements": 1, "percent_covered": 0.0, "percent_covered_display": "0.00", "missing_lines": 1, "excluded_lines": 0}, "missing_lines": [100], "excluded_lines": []}, "validate_and_clean_data": {"executed_lines": [], "summary": {"covered_lines": 0, "num_statements": 42, "percent_covered": 0.0, "percent_covered_display": "0.00", "missing_lines": 42, "excluded_lines": 0}, "missing_lines": [114, 116, 117, 120, 121, 122, 123, 126, 129, 130, 131, 132, 133, 134, 137, 138, 139, 140, 141, 142, 143, 144, 147, 148, 149, 150, 151, 154, 155, 156, 158, 159, 160, 163, 164, 165, 166, 167, 168, 169, 171, 172], "excluded_lines": []}, "resample_ohlcv": {"executed_lines": [], "summary": {"covered_lines": 0, "num_statements": 10, "percent_covered": 0.0, "percent_covered_display": "0.00", "missing_lines": 10, "excluded_lines": 0}, "missing_lines": [187, 188, 191, 192, 193, 196, 199, 200, 202, 203], "excluded_lines": []}, "calculate_returns": {"executed_lines": [], "summary": {"covered_lines": 0, "num_statements": 4, "percent_covered": 0.0, "percent_covered_display": "0.00", "missing_lines": 4, "excluded_lines": 0}, "missing_lines": [218, 219, 221, 223], "excluded_lines": []}, "detect_outliers": {"executed_lines": [], "summary": {"covered_lines": 0, "num_statements": 22, "percent_covered": 0.0, "percent_covered_display": "0.00", "missing_lines": 22, "excluded_lines": 0}, "missing_lines": [238, 240, 241, 242, 243, 244, 245, 247, 249, 250, 251, 252, 253, 254, 256, 258, 259, 260, 261, 262, 263, 266], "excluded_lines": []}, "calculate_technical_indicators": {"executed_lines": [], "summary": {"covered_lines": 0, "num_statements": 23, "percent_covered": 0.0, "percent_covered_display": "0.00", "missing_lines": 23, "excluded_lines": 0}, "missing_lines": [279, 282, 283, 286, 287, 290, 291, 292, 295, 296, 297, 298, 299, 302, 303, 304, 305, 308, 309, 312, 313, 316, 318], "excluded_lines": []}, "normalize_data": {"executed_lines": [], "summary": {"covered_lines": 0, "num_statements": 24, "percent_covered": 0.0, "percent_covered_display": "0.00", "missing_lines": 24, "excluded_lines": 0}, "missing_lines": [333, 335, 337, 339, 341, 342, 343, 344, 345, 346, 348, 350, 351, 352, 353, 354, 356, 358, 359, 360, 361, 362, 364, 366], "excluded_lines": []}, "handle_missing_data": {"executed_lines": [], "summary": {"covered_lines": 0, "num_statements": 15, "percent_covered": 0.0, "percent_covered_display": "0.00", "missing_lines": 15, "excluded_lines": 0}, "missing_lines": [381, 383, 384, 386, 388, 389, 390, 391, 392, 393, 395, 396, 397, 399, 400], "excluded_lines": []}, "calculate_correlation_matrix": {"executed_lines": [], "summary": {"covered_lines": 0, "num_statements": 5, "percent_covered": 0.0, "percent_covered_display": "0.00", "missing_lines": 5, "excluded_lines": 0}, "missing_lines": [414, 416, 418, 420, 422], "excluded_lines": []}, "find_highly_correlated_pairs": {"executed_lines": [], "summary": {"covered_lines": 0, "num_statements": 9, "percent_covered": 0.0, "percent_covered_display": "0.00", "missing_lines": 9, "excluded_lines": 0}, "missing_lines": [436, 437, 438, 439, 440, 441, 442, 443, 445], "excluded_lines": []}, "calculate_drawdowns": {"executed_lines": [], "summary": {"covered_lines": 0, "num_statements": 5, "percent_covered": 0.0, "percent_covered_display": "0.00", "missing_lines": 5, "excluded_lines": 0}, "missing_lines": [458, 459, 462, 465, 467], "excluded_lines": []}, "calculate_roll_max_drawdown": {"executed_lines": [], "summary": {"covered_lines": 0, "num_statements": 4, "percent_covered": 0.0, "percent_covered_display": "0.00", "missing_lines": 4, "excluded_lines": 0}, "missing_lines": [481, 482, 485, 487], "excluded_lines": []}, "split_data_by_date": {"executed_lines": [], "summary": {"covered_lines": 0, "num_statements": 5, "percent_covered": 0.0, "percent_covered_display": "0.00", "missing_lines": 5, "excluded_lines": 0}, "missing_lines": [504, 506, 507, 509, 511], "excluded_lines": []}, "calculate_beta": {"executed_lines": [], "summary": {"covered_lines": 0, "num_statements": 10, "percent_covered": 0.0, "percent_covered_display": "0.00", "missing_lines": 10, "excluded_lines": 0}, "missing_lines": [526, 527, 529, 530, 533, 534, 536, 537, 539, 540], "excluded_lines": []}, "calculate_alpha": {"executed_lines": [], "summary": {"covered_lines": 0, "num_statements": 5, "percent_covered": 0.0, "percent_covered_display": "0.00", "missing_lines": 5, "excluded_lines": 0}, "missing_lines": [555, 558, 559, 562, 564], "excluded_lines": []}, "": {"executed_lines": [], "summary": {"covered_lines": 0, "num_statements": 25, "percent_covered": 0.0, "percent_covered_display": "0.00", "missing_lines": 25, "excluded_lines": 0}, "missing_lines": [8, 9, 11, 12, 14, 17, 27, 28, 31, 70, 90, 103, 175, 206, 226, 269, 321, 369, 403, 425, 448, 470, 490, 514, 543], "excluded_lines": []}}, "classes": {"": {"executed_lines": [], "summary": {"covered_lines": 0, "num_statements": 234, "percent_covered": 0.0, "percent_covered_display": "0.00", "missing_lines": 234, "excluded_lines": 0}, "missing_lines": [8, 9, 11, 12, 14, 17, 27, 28, 31, 42, 43, 45, 48, 49, 50, 51, 52, 53, 54, 56, 58, 59, 60, 62, 63, 64, 66, 67, 70, 81, 82, 83, 84, 86, 87, 90, 100, 103, 114, 116, 117, 120, 121, 122, 123, 126, 129, 130, 131, 132, 133, 134, 137, 138, 139, 140, 141, 142, 143, 144, 147, 148, 149, 150, 151, 154, 155, 156, 158, 159, 160, 163, 164, 165, 166, 167, 168, 169, 171, 172, 175, 187, 188, 191, 192, 193, 196, 199, 200, 202, 203, 206, 218, 219, 221, 223, 226, 238, 240, 241, 242, 243, 244, 245, 247, 249, 250, 251, 252, 253, 254, 256, 258, 259, 260, 261, 262, 263, 266, 269, 279, 282, 283, 286, 287, 290, 291, 292, 295, 296, 297, 298, 299, 302, 303, 304, 305, 308, 309, 312, 313, 316, 318, 321, 333, 335, 337, 339, 341, 342, 343, 344, 345, 346, 348, 350, 351, 352, 353, 354, 356, 358, 359, 360, 361, 362, 364, 366, 369, 381, 383, 384, 386, 388, 389, 390, 391, 392, 393, 395, 396, 397, 399, 400, 403, 414, 416, 418, 420, 422, 425, 436, 437, 438, 439, 440, 441, 442, 443, 445, 448, 458, 459, 462, 465, 467, 470, 481, 482, 485, 487, 490, 504, 506, 507, 509, 511, 514, 526, 527, 529, 530, 533, 534, 536, 537, 539, 540, 543, 555, 558, 559, 562, 564], "excluded_lines": []}}}, "src\\utils\\exceptions.py": {"executed_lines": [], "summary": {"covered_lines": 0, "num_statements": 342, "percent_covered": 0.0, "percent_covered_display": "0.00", "missing_lines": 342, "excluded_lines": 0}, "missing_lines": [9, 10, 11, 12, 13, 14, 15, 16, 18, 19, 21, 22, 23, 24, 27, 35, 44, 46, 47, 48, 49, 50, 51, 52, 55, 57, 59, 60, 61, 63, 65, 67, 68, 69, 71, 72, 74, 76, 78, 88, 89, 90, 91, 94, 97, 100, 103, 106, 109, 112, 115, 118, 121, 124, 127, 130, 133, 136, 139, 142, 145, 148, 151, 154, 157, 160, 163, 166, 169, 172, 175, 178, 181, 184, 187, 190, 193, 196, 199, 202, 205, 208, 211, 214, 217, 220, 223, 226, 229, 233, 260, 277, 278, 279, 281, 284, 293, 294, 295, 297, 299, 300, 306, 319, 320, 321, 322, 323, 325, 326, 327, 328, 329, 331, 333, 334, 335, 337, 339, 349, 350, 351, 353, 355, 358, 377, 378, 379, 380, 381, 382, 384, 385, 386, 387, 388, 389, 390, 394, 396, 397, 399, 401, 403, 405, 408, 418, 429, 430, 431, 433, 434, 435, 437, 438, 440, 441, 446, 450, 452, 453, 459, 462, 463, 464, 465, 468, 471, 472, 473, 476, 479, 482, 487, 494, 495, 496, 497, 498, 499, 500, 501, 502, 503, 505, 506, 507, 508, 510, 512, 513, 514, 515, 516, 517, 518, 520, 521, 522, 523, 525, 526, 527, 528, 529, 530, 532, 533, 534, 535, 536, 537, 540, 548, 549, 550, 554, 556, 557, 558, 560, 561, 562, 563, 564, 565, 569, 570, 573, 574, 575, 577, 579, 582, 585, 586, 587, 588, 590, 597, 598, 599, 600, 601, 602, 605, 608, 609, 612, 623, 624, 625, 629, 630, 631, 632, 633, 634, 635, 636, 637, 638, 640, 641, 642, 644, 645, 646, 647, 648, 649, 650, 651, 652, 655, 657, 660, 661, 663, 664, 666, 668, 671, 674, 675, 677, 678, 680, 681, 684, 685, 686, 687, 689, 690, 692, 693, 694, 697, 698, 699, 700, 701, 703, 704, 706, 707, 709, 710, 711, 712, 713, 714, 715, 716, 717, 720, 723, 724, 727, 734, 735, 736, 738, 739, 740, 741, 742, 743, 744, 745, 747, 748, 749, 750, 751, 752, 753, 754, 756, 758, 761], "excluded_lines": [], "functions": {"SupremeSystemError.__init__": {"executed_lines": [], "summary": {"covered_lines": 0, "num_statements": 9, "percent_covered": 0.0, "percent_covered_display": "0.00", "missing_lines": 9, "excluded_lines": 0}, "missing_lines": [44, 46, 47, 48, 49, 50, 51, 52, 55], "excluded_lines": []}, "SupremeSystemError._generate_error_code": {"executed_lines": [], "summary": {"covered_lines": 0, "num_statements": 3, "percent_covered": 0.0, "percent_covered_display": "0.00", "missing_lines": 3, "excluded_lines": 0}, "missing_lines": [59, 60, 61], "excluded_lines": []}, "SupremeSystemError._log_error": {"executed_lines": [], "summary": {"covered_lines": 0, "num_statements": 7, "percent_covered": 0.0, "percent_covered_display": "0.00", "missing_lines": 7, "excluded_lines": 0}, "missing_lines": [65, 67, 68, 69, 71, 72, 74], "excluded_lines": []}, "SupremeSystemError.to_dict": {"executed_lines": [], "summary": {"covered_lines": 0, "num_statements": 1, "percent_covered": 0.0, "percent_covered_display": "0.00", "missing_lines": 1, "excluded_lines": 0}, "missing_lines": [78], "excluded_lines": []}, "SupremeSystemError.__str__": {"executed_lines": [], "summary": {"covered_lines": 0, "num_statements": 3, "percent_covered": 0.0, "percent_covered_display": "0.00", "missing_lines": 3, "excluded_lines": 0}, "missing_lines": [89, 90, 91], "excluded_lines": []}, "create_exception": {"executed_lines": [], "summary": {"covered_lines": 0, "num_statements": 4, "percent_covered": 0.0, "percent_covered_display": "0.00", "missing_lines": 4, "excluded_lines": 0}, "missing_lines": [277, 278, 279, 281], "excluded_lines": []}, "handle_exception": {"executed_lines": [], "summary": {"covered_lines": 0, "num_statements": 6, "percent_covered": 0.0, "percent_covered_display": "0.00", "missing_lines": 6, "excluded_lines": 0}, "missing_lines": [293, 294, 295, 297, 299, 300], "excluded_lines": []}, "handle_errors": {"executed_lines": [], "summary": {"covered_lines": 0, "num_statements": 3, "percent_covered": 0.0, "percent_covered_display": "0.00", "missing_lines": 3, "excluded_lines": 0}, "missing_lines": [319, 320, 355], "excluded_lines": []}, "handle_errors.decorator": {"executed_lines": [], "summary": {"covered_lines": 0, "num_statements": 2, "percent_covered": 0.0, "percent_covered_display": "0.00", "missing_lines": 2, "excluded_lines": 0}, "missing_lines": [321, 353], "excluded_lines": []}, "handle_errors.decorator.wrapper": {"executed_lines": [], "summary": {"covered_lines": 0, "num_statements": 16, "percent_covered": 0.0, "percent_covered_display": "0.00", "missing_lines": 16, "excluded_lines": 0}, "missing_lines": [322, 323, 325, 326, 327, 328, 329, 331, 333, 334, 335, 337, 339, 349, 350, 351], "excluded_lines": []}, "retry_on_failure": {"executed_lines": [], "summary": {"covered_lines": 0, "num_statements": 3, "percent_covered": 0.0, "percent_covered_display": "0.00", "missing_lines": 3, "excluded_lines": 0}, "missing_lines": [377, 378, 405], "excluded_lines": []}, "retry_on_failure.decorator": {"executed_lines"
[...]
overed_lines": 0, "num_statements": 21, "percent_covered": 0.0, "percent_covered_display": "0.00", "missing_lines": 21, "excluded_lines": 0}, "missing_lines": [26, 27, 30, 31, 32, 33, 34, 36, 37, 40, 43, 44, 45, 47, 48, 51, 52, 53, 54, 55, 57], "excluded_lines": []}, "generate_strategy_wrapper": {"executed_lines": [], "summary": {"covered_lines": 0, "num_statements": 5, "percent_covered": 0.0, "percent_covered_display": "0.00", "missing_lines": 5, "excluded_lines": 0}, "missing_lines": [71, 97, 98, 100, 112], "excluded_lines": []}, "": {"executed_lines": [], "summary": {"covered_lines": 0, "num_statements": 12, "percent_covered": 0.0, "percent_covered_display": "0.00", "missing_lines": 12, "excluded_lines": 0}, "missing_lines": [6, 7, 8, 9, 11, 12, 14, 15, 16, 17, 19, 64], "excluded_lines": []}}, "classes": {"StrategyInterface": {"executed_lines": [], "summary": {"covered_lines": 0, "num_statements": 0, "percent_covered": 100.0, "percent_covered_display": "100.00", "missing_lines": 0, "excluded_lines": 0}, "missing_lines": [], "excluded_lines": []}, "": {"executed_lines": [], "summary": {"covered_lines": 0, "num_statements": 38, "percent_covered": 0.0, "percent_covered_display": "0.00", "missing_lines": 38, "excluded_lines": 0}, "missing_lines": [6, 7, 8, 9, 11, 12, 14, 15, 16, 17, 19, 26, 27, 30, 31, 32, 33, 34, 36, 37, 40, 43, 44, 45, 47, 48, 51, 52, 53, 54, 55, 57, 64, 71, 97, 98, 100, 112], "excluded_lines": []}}}, "src\\utils\\validators.py": {"executed_lines": [], "summary": {"covered_lines": 0, "num_statements": 41, "percent_covered": 0.0, "percent_covered_display": "0.00", "missing_lines": 41, "excluded_lines": 0}, "missing_lines": [1, 2, 4, 6, 9, 16, 17, 18, 20, 21, 22, 24, 25, 26, 27, 28, 30, 31, 32, 34, 35, 36, 38, 41, 47, 48, 49, 50, 51, 54, 59, 60, 61, 62, 64, 67, 71, 72, 73, 74, 75], "excluded_lines": [], "functions": {"MarketDataValidator.validate_symbol_format": {"executed_lines": [], "summary": {"covered_lines": 0, "num_statements": 5, "percent_covered": 0.0, "percent_covered_display": "0.00", "missing_lines": 5, "excluded_lines": 0}, "missing_lines": [24, 25, 26, 27, 28], "excluded_lines": []}, "MarketDataValidator.validate_reasonable_price": {"executed_lines": [], "summary": {"covered_lines": 0, "num_statements": 3, "percent_covered": 0.0, "percent_covered_display": "0.00", "missing_lines": 3, "excluded_lines": 0}, "missing_lines": [34, 35, 36], "excluded_lines": []}, "validate_market_data": {"executed_lines": [], "summary": {"covered_lines": 0, "num_statements": 5, "percent_covered": 0.0, "percent_covered_display": "0.00", "missing_lines": 5, "excluded_lines": 0}, "missing_lines": [47, 48, 49, 50, 51], "excluded_lines": []}, "validate_signal": {"executed_lines": [], "summary": {"covered_lines": 0, "num_statements": 5, "percent_covered": 0.0, "percent_covered_display": "0.00", "missing_lines": 5, "excluded_lines": 0}, "missing_lines": [71, 72, 73, 74, 75], "excluded_lines": []}, "": {"executed_lines": [], "summary": {"covered_lines": 0, "num_statements": 23, "percent_covered": 0.0, "percent_covered_display": "0.00", "missing_lines": 23, "excluded_lines": 0}, "missing_lines": [1, 2, 4, 6, 9, 16, 17, 18, 20, 21, 22, 30, 31, 32, 38, 41, 54, 59, 60, 61, 62, 64, 67], "excluded_lines": []}}, "classes": {"MarketDataValidator": {"executed_lines": [], "summary": {"covered_lines": 0, "num_statements": 8, "percent_covered": 0.0, "percent_covered_display": "0.00", "missing_lines": 8, "excluded_lines": 0}, "missing_lines": [24, 25, 26, 27, 28, 34, 35, 36], "excluded_lines": []}, "SignalValidator": {"executed_lines": [], "summary": {"covered_lines": 0, "num_statements": 0, "percent_covered": 100.0, "percent_covered_display": "100.00", "missing_lines": 0, "excluded_lines": 0}, "missing_lines": [], "excluded_lines": []}, "": {"executed_lines": [], "summary": {"covered_lines": 0, "num_statements": 33, "percent_covered": 0.0, "percent_covered_display": "0.00", "missing_lines": 33, "excluded_lines": 0}, "missing_lines": [1, 2, 4, 6, 9, 16, 17, 18, 20, 21, 22, 30, 31, 32, 38, 41, 47, 48, 49, 50, 51, 54, 59, 60, 61, 62, 64, 67, 71, 72, 73, 74, 75], "excluded_lines": []}}}, "src\\utils\\vectorized_ops.py": {"executed_lines": [], "summary": {"covered_lines": 0, "num_statements": 445, "percent_covered": 0.0, "percent_covered_display": "0.00", "missing_lines": 445, "excluded_lines": 0}, "missing_lines": [14, 15, 16, 18, 19, 20, 21, 22, 24, 27, 30, 31, 33, 35, 36, 39, 41, 42, 43, 44, 46, 47, 49, 51, 52, 53, 55, 56, 58, 59, 61, 62, 63, 65, 66, 68, 79, 80, 81, 82, 84, 85, 88, 91, 92, 93, 95, 96, 99, 100, 102, 104, 105, 107, 109, 110, 111, 113, 114, 115, 118, 121, 122, 124, 126, 127, 129, 131, 132, 133, 135, 136, 138, 139, 142, 143, 144, 147, 148, 150, 151, 152, 153, 154, 155, 156, 158, 159, 162, 163, 166, 167, 169, 170, 173, 174, 175, 176, 178, 180, 181, 183, 186, 187, 190, 191, 194, 195, 197, 199, 200, 201, 205, 208, 209, 212, 215, 218, 220, 222, 223, 227, 228, 230, 231, 232, 234, 236, 237, 241, 242, 244, 245, 247, 249, 250, 255, 256, 258, 261, 263, 265, 266, 267, 269, 270, 271, 274, 275, 276, 279, 280, 281, 283, 285, 286, 289, 290, 291, 293, 296, 298, 300, 301, 303, 304, 305, 306, 309, 310, 312, 318, 321, 327, 330, 331, 332, 333, 335, 342, 348, 358, 359, 362, 363, 366, 367, 369, 370, 371, 372, 373, 374, 376, 379, 382, 383, 385, 386, 388, 389, 391, 399, 400, 401, 403, 404, 405, 408, 409, 411, 412, 414, 415, 416, 417, 418, 419, 421, 423, 424, 426, 428, 429, 430, 431, 432, 433, 435, 437, 438, 445, 446, 449, 450, 452, 455, 457, 458, 459, 460, 461, 462, 463, 464, 465, 466, 467, 468, 469, 470, 471, 473, 475, 476, 478, 480, 481, 483, 485, 486, 488, 489, 491, 492, 493, 494, 495, 496, 497, 499, 501, 502, 503, 504, 505, 506, 509, 511, 512, 514, 516, 517, 518, 519, 520, 521, 522, 523, 524, 525, 526, 527, 528, 529, 530, 531, 532, 533, 534, 535, 536, 537, 538, 541, 542, 543, 544, 546, 549, 550, 552, 553, 555, 556, 557, 558, 559, 561, 563, 567, 568, 570, 571, 573, 574, 575, 576, 577, 578, 580, 581, 583, 584, 585, 586, 587, 589, 591, 593, 594, 597, 598, 601, 603, 605, 607, 608, 609, 612, 613, 616, 618, 620, 621, 622, 625, 627, 629, 631, 634, 639, 642, 643, 644, 645, 647, 648, 650, 653, 656, 657, 658, 661, 662, 663, 666, 667, 668, 669, 670, 671, 673, 681, 682, 683, 686, 689, 690, 691, 694, 695, 696, 699, 700, 701, 702, 703, 704, 706, 714, 715, 716, 719, 722, 723, 724, 727, 728, 729, 731, 739, 740, 741, 744, 747, 748, 749, 752, 753, 754, 756, 764, 765, 766, 769, 772, 773, 775, 776, 777, 779, 780, 783, 784, 785, 787, 797, 798, 800, 804, 806, 809, 811, 812], "excluded_lines": [], "functions": {"HardwareDetector.detect_avx512_support": {"executed_lines": [], "summary": {"covered_lines": 0, "num_statements": 8, "percent_covered": 0.0, "percent_covered_display": "0.00", "missing_lines": 8, "excluded_lines": 0}, "missing_lines": [33, 35, 36, 39, 41, 42, 43, 44], "excluded_lines": []}, "HardwareDetector.get_optimal_num_threads": {"executed_lines": [], "summary": {"covered_lines": 0, "num_statements": 4, "percent_covered": 0.0, "percent_covered_display": "0.00", "missing_lines": 4, "excluded_lines": 0}, "missing_lines": [49, 51, 52, 53], "excluded_lines": []}, "HardwareDetector.detect_cuda_support": {"executed_lines": [], "summary": {"covered_lines": 0, "num_statements": 5, "percent_covered": 0.0, "percent_covered_display": "0.00", "missing_lines": 5, "excluded_lines": 0}, "missing_lines": [58, 59, 61, 62, 63], "excluded_lines": []}, "HardwareDetector.get_system_info": {"executed_lines": [], "summary": {"covered_lines": 0, "num_statements": 1, "percent_covered": 0.0, "percent_covered_display": "0.00", "missing_lines": 1, "excluded_lines": 0}, "missing_lines": [68], "excluded_lines": []}, "VectorizedTradingOps.calculate_sma_numba": {"executed_lines": [], "summary": {"covered_lines": 0, "num_statements": 5, "percent_covered": 0.0, "percent_covered_display": "0.00", "missing_lines": 5, "excluded_lines": 0}, "missing_lines": [95, 96, 99, 100, 102], "excluded_lines": []}, "VectorizedTradingOps.calculate_sma_vectorized": {"executed_lines": [], "summary": {"covered_lines": 0, "num_statements": 1, "percent_covered": 0.0, "percent_covered_display": "0.00", "missing_lines": 1, "excluded_lines": 0}, "missing_lines": [107], "excluded_lines": []}, "VectorizedTradingOps.calculate_ema_numba": {"executed_lines": [], "summary": {"covered_lines": 0, "num_statements": 7, "percent_covered": 0.0, "percent_covered_display": "0.00", "missing_lines": 7, "excluded_lines": 0}, "missing_lines": [113, 114, 115, 118, 121, 122, 124], "excluded_lines": []}, "VectorizedTradingOps.calculate_ema_vectorized": {"executed_lines": [], "summary": {"covered_lines": 0, "num_statements": 1, "percent_covered": 0.0, "percent_covered_display": "0.00", "missing_lines": 1, "excluded_lines": 0}, "missing_lines": [129], "excluded_lines": []}, "VectorizedTradingOps.calculate_rsi_numba": {"executed_lines": [], "summary": {"covered_lines": 0, "num_statements": 29, "percent_covered": 0.0, "percent_covered_display": "0.00", "missing_lines": 29, "excluded_lines": 0}, "missing_lines": [135, 136, 138, 139, 142, 143, 144, 147, 148, 150, 151, 152, 153, 154, 155, 156, 158, 159, 162, 163, 166, 167, 169, 170, 173, 174, 175, 176, 178], "excluded_lines": []}, "VectorizedTradingOps.calculate_rsi_vectorized": {"executed_lines": [], "summary": {"covered_lines": 0, "num_statements": 8, "percent_covered": 0.0, "percent_covered_display": "0.00", "missing_lines": 8, "excluded_lines": 0}, "missing_lines": [183, 186, 187, 190, 191, 194, 195, 197], "excluded_lines": []}, "VectorizedTradingOps.calculate_macd_numba": {"executed_lines": [], "summary": {"covered_lines": 0, "num_statements": 7, "percent_covered": 0.0, "percent_covered_display": "0.00", "missing_lines": 7, "excluded_lines": 0}, "missing_lines": [205, 208, 209, 212, 215, 218, 220], "excluded_lines": []}, "VectorizedTradingOps.calculate_macd_vectorized": {"executed_lines": [], "summary": {"covered_lines": 0, "num_statements": 6, "percent_covered": 0.0, "percent_covered_display": "0.00", "missing_lines": 6, "excluded_lines": 0}, "missing_lines": [227, 228, 230, 231, 232, 234], "excluded_lines": []}, "VectorizedTradingOps.calculate_bollinger_bands_vectorized": {"executed_lines": [], "summary": {"covered_lines": 0, "num_statements": 5, "percent_covered": 0.0, "percent_covered_display": "0.00", "missing_lines": 5, "excluded_lines": 0}, "missing_lines": [241, 242, 244, 245, 247], "excluded_lines": []}, "VectorizedTradingOps.calculate_stochastic_oscillator_vectorized": {"executed_lines": [], "summary": {"covered_lines": 0, "num_statements": 5, "percent_covered": 0.0, "percent_covered_display": "0.00", "missing_lines": 5, "excluded_lines": 0}, "missing_lines": [255, 256, 258, 261, 263], "excluded_lines": []}, "VectorizedTradingOps.calculate_atr_numba": {"executed_lines": [], "summary": {"covered_lines": 0, "num_statements": 10, "percent_covered": 0.0, "percent_covered_display": "0.00", "missing_lines": 10, "excluded_lines": 0}, "missing_lines": [269, 270, 271, 274, 275, 276, 279, 280, 281, 283], "excluded_lines": []}, "VectorizedTradingOps.calculate_atr_vectorized": {"executed_lines": [], "summary": {"covered_lines": 0, "num_statements": 6, "percent_covered": 0.0, "percent_covered_display": "0.00", "missing_lines": 6, "excluded_lines": 0}, "missing_lines": [289, 290, 291, 293, 296, 298], "excluded_lines": []}, "VectorizedTradingOps.detect_candlestick_patterns_vectorized": {"executed_lines": [], "summary": {"covered_lines": 0, "num_statements": 17, "percent_covered": 0.0, "percent_covered_display": "0.00", "missing_lines": 17, "excluded_lines": 0}, "missing_lines": [303, 304, 305, 306, 309, 310, 312, 318, 321, 327, 330, 331, 332, 333, 335, 342, 348], "excluded_lines": []}, "VectorizedTradingOps.calculate_volume_indicators_vectorized": {"executed_lines": [], "summary": {"covered_lines": 0, "num_statements": 19, "percent_covered": 0.0, "percent_covered_display": "0.00", "missing_lines": 19, "excluded_lines": 0}, "missing_lines": [362, 363, 366, 367, 369, 370, 371, 372, 373, 374, 376, 379, 382, 383, 385, 386, 388, 389, 391], "excluded_lines": []}, "VectorizedTradingOps.batch_indicator_calculation_numba": {"executed_lines": [], "summary": {"covered_lines": 0, "num_statements": 14, "percent_covered": 0.0, "percent_covered_display": "0.00", "missing_lines": 14, "excluded_lines": 0}, "missing_lines": [403, 404, 405, 408, 409, 411, 412, 414, 415, 416, 417, 418, 419, 421], "excluded_lines": []}, "VectorizedTradingOps.batch_signal_generation_vectorized": {"executed_lines": [], "summary": {"covered_lines": 0, "num_statements": 8, "percent_covered": 0.0, "percent_covered_display": "0.00", "missing_lines": 8, "excluded_lines": 0}, "missing_lines": [426, 428, 429, 430, 431, 432, 433, 435], "excluded_lines": []}, "VectorizedTradingOps.calculate_indicators_optimal": {"executed_lines": [], "summary": {"covered_lines": 0, "num_statements": 22, "percent_covered": 0.0, "percent_covered_display": "0.00", "missing_lines": 22, "excluded_lines": 0}, "missing_lines": [445, 446, 449, 450, 452, 455, 457, 458, 459, 460, 461, 462, 463, 464, 465, 466, 467, 468, 469, 470, 471, 473], "excluded_lines": []}, "VectorizedTradingOps.optimize_dataframe_memory": {"executed_lines": [], "summary": {"covered_lines": 0, "num_statements": 23, "percent_covered": 0.0, "percent_covered_display": "0.00", "missing_lines": 23, "excluded_lines": 0}, "missing_lines": [478, 480, 481, 483, 485, 486, 488, 489, 491, 492, 493, 494, 495, 496, 497, 499, 501, 502, 503, 504, 505, 506, 509], "excluded_lines": []}, "VectorizedTradingOps.calculate_multiple_indicators_batch": {"executed_lines": [], "summary": {"covered_lines": 0, "num_statements": 29, "percent_covered": 0.0, "percent_covered_display": "0.00", "missing_lines": 29, "excluded_lines": 0}, "missing_lines": [514, 516, 517, 518, 519, 520, 521, 522, 523, 524, 525, 526, 527, 528, 529, 530, 531, 532, 533, 534, 535, 536, 537, 538, 541, 542, 543, 544, 546], "excluded_lines": []}, "numba_signal_calculation": {"executed_lines": [], "summary": {"covered_lines": 0, "num_statements": 9, "percent_covered": 0.0, "percent_covered_display": "0.00", "missing_lines": 9, "excluded_lines": 0}, "missing_lines": [552, 553, 555, 556, 557, 558, 559, 561, 563], "excluded_lines": []}, "cuda_sma_calculation": {"executed_lines": [], "summary": {"covered_lines": 0, "num_statements": 6, "percent_covered": 0.0, "percent_covered_display": "0.00", "missing_lines": 6, "excluded_lines": 0}, "missing_lines": [573, 574, 575, 576, 577, 578], "excluded_lines": []}, "cuda_ema_calculation": {"executed_lines": [], "summary": {"covered_lines": 0, "num_statements": 6, "percent_covered": 0.0, "percent_covered_display": "0.00", "missing_lines": 6, "excluded_lines": 0}, "missing_lines": [583, 584, 585, 586, 587, 589], "excluded_lines": []}, "calculate_sma_cuda": {"executed_lines": [], "summary": {"covered_lines": 0, "num_statements": 6, "percent_covered": 0.0, "percent_covered_display": "0.00", "missing_lines": 6, "excluded_lines": 0}, "missing_lines": [593, 594, 597, 598, 601, 603], "excluded_lines": []}, "calculate_ema_cuda": {"executed_lines": [], "summary": {"covered_lines": 0, "num_statements": 7, "percent_covered": 0.0, "percent_covered_display": "0.00", "missing_lines": 7, "excluded_lines": 0}, "missing_lines": [607, 608, 609, 612, 613, 616, 618], "excluded_lines": []}, "benchmark_all_implementations": {"executed_lines": [], "summary": {"covered_lines": 0, "num_statements": 79, "percent_covered": 0.0, "percent_covered_display": "0.00", "missing_lines": 79, "excluded_lines": 0}, "missing_lines": [639, 642, 643, 644, 645, 647, 648, 650, 653, 656, 657, 658, 661, 662, 663, 666, 667, 668, 669, 670, 671, 673, 681, 682, 683, 686, 689, 690, 691, 694, 695, 696, 699, 700, 701, 702, 703, 704, 706, 714, 715, 716, 719, 722, 723, 724, 727, 728, 729, 731, 739, 740, 741, 744, 747, 748, 749, 752, 753, 754, 756, 764, 765, 766, 769, 772, 773, 775, 776, 777, 779, 780, 783, 784, 785, 787, 797, 798, 800], "excluded_lines": []}, "benchmark_vectorized_vs_iterative": {"executed_lines": [], "summary": {"covered_lines": 0, "num_statements": 1, "percent_covered": 0.0, "percent_covered_display": "0.00", "missing_lines": 1, "excluded_lines": 0}, "missing_lines": [806], "excluded_lines": []}, "": {"executed_lines": [], "summary": {"covered_lines": 0, "num_statements": 91, "percent_covered": 0.0, "percent_covered_display": "0.00", "missing_lines": 91, "excluded_lines": 0}, "missing_lines": [14, 15, 16, 18, 19, 20, 21, 22, 24, 27, 30, 31, 46, 47, 55, 56, 65, 66, 79, 80, 81, 82, 84, 85, 88, 91, 92, 93, 104, 105, 109, 110, 111, 126, 127, 131, 132, 133, 180, 181, 199, 200, 201, 222, 223, 236, 237, 249, 250, 265, 266, 267, 285, 286, 300, 301, 358, 359, 399, 400, 401, 423, 424, 437, 438, 475, 476, 511, 512, 549, 550, 567, 568, 570, 571, 580, 581, 591, 605, 620, 621, 622, 625, 627, 629, 631, 634, 804, 809, 811, 812], "excluded_lines": []}}, "classes": {"HardwareDetector": {"executed_lines": [], "summary": {"covered_lines": 0, "num_statements": 18, "percent_covered": 0.0, "percent_covered_display": "0.00", "missing_lines": 18, "excluded_lines": 0}, "missing_lines": [33, 35, 36, 39, 41, 42, 43, 44, 49, 51, 52, 53, 58, 59, 61, 62, 63, 68], "excluded_lines": []}, "VectorizedTradingOps": {"executed_lines": [], "summary": {"covered_lines": 0, "num_statements": 222, "percent_covered": 0.0, "percent_covered_display": "0.00", "missing_lines": 222, "excluded_lines": 0}, "missing_lines": [95, 96, 99, 100, 102, 107, 113, 114, 115, 118, 121, 122, 124, 129, 135, 136, 138, 139, 142, 143, 144, 147, 148, 150, 151, 152, 153, 154, 155, 156, 158, 159, 162, 163, 166, 167, 169, 170, 173, 174, 175, 176, 178, 183, 186, 187, 190, 191, 194, 195, 197, 205, 208, 209, 212, 215, 218, 220, 227, 228, 230, 231, 232, 234, 241, 242, 244, 245, 247, 255, 256, 258, 261, 263, 269, 270, 271, 274, 275, 276, 279, 280, 281, 283, 289, 290, 291, 293, 296, 298, 303, 304, 305, 306, 309, 310, 312, 318, 321, 327, 330, 331, 332, 333, 335, 342, 348, 362, 363, 366, 367, 369, 370, 371, 372, 373, 374, 376, 379, 382, 383, 385, 386, 388, 389, 391, 403, 404, 405, 408, 409, 411, 412, 414, 415, 416, 417, 418, 419, 421, 426, 428, 429, 430, 431, 432, 433, 435, 445, 446, 449, 450, 452, 455, 457, 458, 459, 460, 461, 462, 463, 464, 465, 466, 467, 468, 469, 470, 471, 473, 478, 480, 481, 483, 485, 486, 488, 489, 491, 492, 493, 494, 495, 496, 497, 499, 501, 502, 503, 504, 505, 506, 509, 514, 516, 517, 518, 519, 520, 521, 522, 523, 524, 525, 526, 527, 528, 529, 530, 531, 532, 533, 534, 535, 536, 537, 538, 541, 542, 543, 544, 546], "excluded_lines": []}, "": {"executed_lines": [], "summary": {"covered_lines": 0, "num_statements": 205, "percent_covered": 0.0, "percent_covered_display": "0.00", "missing_lines": 205, "excluded_lines": 0}, "missing_lines": [14, 15, 16, 18, 19, 20, 21, 22, 24, 27, 30, 31, 46, 47, 55, 56, 65, 66, 79, 80, 81, 82, 84, 85, 88, 91, 92, 93, 104, 105, 109, 110, 111, 126, 127, 131, 132, 133, 180, 181, 199, 200, 201, 222, 223, 236, 237, 249, 250, 265, 266, 267, 285, 286, 300, 301, 358, 359, 399, 400, 401, 423, 424, 437, 438, 475, 476, 511, 512, 549, 550, 552, 553, 555, 556, 557, 558, 559, 561, 563, 567, 568, 570, 571, 573, 574, 575, 576, 577, 578, 580, 581, 583, 584, 585, 586, 587, 589, 591, 593, 594, 597, 598, 601, 603, 605, 607, 608, 609, 612, 613, 616, 618, 620, 621, 622, 625, 627, 629, 631, 634, 639, 642, 643, 644, 645, 647, 648, 650, 653, 656, 657, 658, 661, 662, 663, 666, 667, 668, 669, 670, 671, 673, 681, 682, 683, 686, 689, 690, 691, 694, 695, 696, 699, 700, 701, 702, 703, 704, 706, 714, 715, 716, 719, 722, 723, 724, 727, 728, 729, 731, 739, 740, 741, 744, 747, 748, 749, 752, 753, 754, 756, 764, 765, 766, 769, 772, 773, 775, 776, 777, 779, 780, 783, 784, 785, 787, 797, 798, 800, 804, 806, 809, 811, 812], "excluded_lines": []}}}}, "totals": {"covered_lines": 0, "num_statements": 3266, "percent_covered": 0.0, "percent_covered_display": "0.00", "missing_lines": 3266, "excluded_lines": 0}}